  ===============================================
    Comienzo del Log ( 02-04-2016 a las 00:46 ) 
  ===============================================

  ERROR: Server: No se enlazo correctamente el socket del server.
  ===============================================
    Comienzo del Log ( 02-04-2016 a las 00:47 ) 
  ===============================================

  DEBUG: Server: Se acepto el cliente: 127.0.0.1
  DEBUG: Server: Se acepto el cliente: 127.0.0.1
  ===============================================
    Comienzo del Log ( 02-04-2016 a las 00:49 ) 
  ===============================================

  ERROR: Server: No se enlazo correctamente el socket del server.
  ===============================================
    Comienzo del Log ( 02-04-2016 a las 00:50 ) 
  ===============================================

  DEBUG: Server: Se acepto el cliente: 127.0.0.1
  DEBUG: Server: Se acepto el cliente: 127.0.0.1
  DEBUG: Server: Se acepto el cliente: 127.0.0.1
  DEBUG: Server: Se desconectó un cliente.
  DEBUG: Server: Se desconectó un cliente.
  DEBUG: Server: Se acepto el cliente: 127.0.0.1
  DEBUG: Server: Se desconectó un cliente.
  ===============================================
    Comienzo del Log ( 02-04-2016 a las 01:06 ) 
  ===============================================

  DEBUG: Server: Se acepto el cliente: 127.0.0.1
  DEBUG: Server: Se acepto el cliente: 127.0.0.1
  DEBUG: Server: Se acepto el cliente: 127.0.0.1
  DEBUG: Server: Se desconectó un cliente.
  DEBUG: Server: Se acepto el cliente: 127.0.0.1
  DEBUG: Server: Se desconectó un cliente.
  DEBUG: Server: Se desconectó un cliente.
  ===============================================
    Comienzo del Log ( 02-04-2016 a las 01:14 ) 
  ===============================================

  DEBUG: Server: Se acepto el cliente: 127.0.0.1
  DEBUG: Server: Se acepto el cliente: 127.0.0.1
  DEBUG: Server: Se acepto el cliente: 127.0.0.1
  DEBUG: Server: Se desconectó un cliente.
  ===============================================
    Comienzo del Log ( 02-04-2016 a las 01:18 ) 
  ===============================================

  ERROR: Server: No se enlazo correctamente el socket del server.
  ===============================================
    Comienzo del Log ( 02-04-2016 a las 01:19 ) 
  ===============================================

  DEBUG: Server: Se acepto el cliente: 127.0.0.1
  DEBUG: Server: Se acepto el cliente: 127.0.0.1
  DEBUG: Server: Se acepto el cliente: 127.0.0.1
  DEBUG: Server: Se desconectó un cliente.
  DEBUG: Server: Se acepto el cliente: 127.0.0.1
  DEBUG: Server: Se acepto el cliente: 127.0.0.1
  DEBUG: Server: Se acepto el cliente: 127.0.0.1
  DEBUG: Server: Se acepto el cliente: 127.0.0.1
  DEBUG: Server: Se acepto el cliente: 127.0.0.1
  DEBUG: Server: Se acepto el cliente: 127.0.0.1
  DEBUG: Server: Se acepto el cliente: 127.0.0.1
  DEBUG: Server: Se acepto el cliente: 127.0.0.1
  ===============================================
    Comienzo del Log ( 02-04-2016 a las 01:30 ) 
  ===============================================

  ERROR: Server: No se enlazo correctamente el socket del server.
  ===============================================
    Comienzo del Log ( 02-04-2016 a las 01:30 ) 
  ===============================================

  ERROR: Server: No se enlazo correctamente el socket del server.
  DEBUG: Server: Se desconectó un cliente.
  DEBUG: Server: Se acepto el cliente: 127.0.0.1
  DEBUG: Server: Se desconectó un cliente.
  ===============================================
    Comienzo del Log ( 02-04-2016 a las 01:31 ) 
  ===============================================

  ERROR: Server: No se enlazo correctamente el socket del server.
  ===============================================
    Comienzo del Log ( 02-04-2016 a las 01:32 ) 
  ===============================================

  DEBUG: Server: Se acepto el cliente: 127.0.0.1
  DEBUG: Server: Se acepto el cliente: 127.0.0.1
  DEBUG: Server: Se acepto el cliente: 127.0.0.1
  DEBUG: Server: Se desconectó un cliente.
  ===============================================
    Comienzo del Log ( 02-04-2016 a las 02:18 ) 
  ===============================================

  ERROR: Server: No se enlazo correctamente el socket del server.
  ===============================================
    Comienzo del Log ( 02-04-2016 a las 02:18 ) 
  ===============================================

  ERROR: Server: No se enlazo correctamente el socket del server.
  ===============================================
    Comienzo del Log ( 02-04-2016 a las 02:25 ) 
  ===============================================

  DEBUG: Server: Se acepto el cliente: 127.0.0.1
  DEBUG: Server: Se acepto el cliente: 127.0.0.1
  DEBUG: Server: Se desconectó un cliente.
  ===============================================
    Comienzo del Log ( 02-04-2016 a las 02:29 ) 
  ===============================================

  DEBUG: Server: Se acepto el cliente: 127.0.0.1
  DEBUG: Server: Se acepto el cliente: 127.0.0.1
  DEBUG: Server: Se acepto el cliente: 127.0.0.1
  ===============================================
    Comienzo del Log ( 02-04-2016 a las 12:30 ) 
  ===============================================

  DEBUG: Server: Se acepto el cliente: 127.0.0.1
  DEBUG: Server: Se desconectó un cliente.
  ===============================================
    Comienzo del Log ( 02-04-2016 a las 13:34 ) 
  ===============================================

  DEBUG: Server: Se acepto el cliente: 127.0.0.1
  ===============================================
    Comienzo del Log ( 02-04-2016 a las 13:35 ) 
  ===============================================

  DEBUG: Server: Se acepto el cliente: 127.0.0.1
  ===============================================
    Comienzo del Log ( 02-04-2016 a las 13:39 ) 
  ===============================================

  DEBUG: Server: Se acepto el cliente: 127.0.0.1
  ===============================================
    Comienzo del Log ( 02-04-2016 a las 13:41 ) 
  ===============================================

  ERROR: Server: No se enlazo correctamente el socket del server.
  ===============================================
    Comienzo del Log ( 02-04-2016 a las 13:41 ) 
  ===============================================

  ERROR: Server: No se enlazo correctamente el socket del server.
  ===============================================
    Comienzo del Log ( 02-04-2016 a las 13:41 ) 
  ===============================================

  ERROR: Server: No se enlazo correctamente el socket del server.
  ===============================================
    Comienzo del Log ( 02-04-2016 a las 13:41 ) 
  ===============================================

  ERROR: Server: No se enlazo correctamente el socket del server.
  ===============================================
    Comienzo del Log ( 02-04-2016 a las 13:54 ) 
  ===============================================

  DEBUG: Server: Se acepto el cliente: 127.0.0.1
  ===============================================
    Comienzo del Log ( 02-04-2016 a las 13:55 ) 
  ===============================================

  DEBUG: Server: Se acepto el cliente: 127.0.0.1
  ===============================================
    Comienzo del Log ( 02-04-2016 a las 13:56 ) 
  ===============================================

  DEBUG: Server: Se acepto el cliente: 127.0.0.1
  ===============================================
    Comienzo del Log ( 02-04-2016 a las 13:58 ) 
  ===============================================

  ERROR: Server: No se enlazo correctamente el socket del server.
  ===============================================
    Comienzo del Log ( 02-04-2016 a las 13:59 ) 
  ===============================================

  ERROR: Server: No se enlazo correctamente el socket del server.
  ===============================================
    Comienzo del Log ( 02-04-2016 a las 14:01 ) 
  ===============================================

  DEBUG: Server: Se acepto el cliente: 127.0.0.1
  ===============================================
    Comienzo del Log ( 02-04-2016 a las 14:01 ) 
  ===============================================

  ERROR: Server: No se enlazo correctamente el socket del server.
  ===============================================
    Comienzo del Log ( 02-04-2016 a las 14:13 ) 
  ===============================================

  DEBUG: Server: Se acepto el cliente: 127.0.0.1
  ===============================================
    Comienzo del Log ( 02-04-2016 a las 14:14 ) 
  ===============================================

  DEBUG: Server: Se acepto el cliente: 127.0.0.1
  ===============================================
    Comienzo del Log ( 02-04-2016 a las 14:15 ) 
  ===============================================

  ERROR: Server: No se enlazo correctamente el socket del server.
  ===============================================
    Comienzo del Log ( 02-04-2016 a las 14:15 ) 
  ===============================================

  ERROR: Server: No se enlazo correctamente el socket del server.
  ===============================================
    Comienzo del Log ( 02-04-2016 a las 14:16 ) 
  ===============================================

  ERROR: Server: No se enlazo correctamente el socket del server.
  ===============================================
    Comienzo del Log ( 02-04-2016 a las 14:28 ) 
  ===============================================

  DEBUG: Server: Se acepto el cliente: 127.0.0.1
  ===============================================
    Comienzo del Log ( 02-04-2016 a las 14:42 ) 
  ===============================================

  DEBUG: Server: Se acepto el cliente: 127.0.0.1
  DEBUG: Server: Se acepto el cliente: 127.0.0.1
  ===============================================
    Comienzo del Log ( 02-04-2016 a las 14:47 ) 
  ===============================================

  ERROR: Server: No se enlazo correctamente el socket del server.
  ===============================================
    Comienzo del Log ( 02-04-2016 a las 14:51 ) 
  ===============================================

  DEBUG: Server: Se acepto el cliente: 127.0.0.1
  DEBUG: Server: Se desconectó un cliente.
  ===============================================
    Comienzo del Log ( 02-04-2016 a las 14:54 ) 
  ===============================================

  DEBUG: Server: Se acepto el cliente: 127.0.0.1
  ===============================================
    Comienzo del Log ( 02-04-2016 a las 14:56 ) 
  ===============================================

  ERROR: Server: No se enlazo correctamente el socket del server.
  ===============================================
    Comienzo del Log ( 02-04-2016 a las 14:56 ) 
  ===============================================

  ERROR: Server: No se enlazo correctamente el socket del server.
  ===============================================
    Comienzo del Log ( 02-04-2016 a las 14:56 ) 
  ===============================================

  ERROR: Server: No se enlazo correctamente el socket del server.
  ===============================================
    Comienzo del Log ( 02-04-2016 a las 14:57 ) 
  ===============================================

  ERROR: Server: No se enlazo correctamente el socket del server.
  ===============================================
    Comienzo del Log ( 02-04-2016 a las 14:57 ) 
  ===============================================

  DEBUG: Server: Se acepto el cliente: 127.0.0.1
  DEBUG: Server: Se desconectó un cliente.
  ===============================================
    Comienzo del Log ( 02-04-2016 a las 14:59 ) 
  ===============================================

  DEBUG: Server: Se acepto el cliente: 127.0.0.1
  ===============================================
    Comienzo del Log ( 02-04-2016 a las 15:00 ) 
  ===============================================

  ERROR: Server: No se enlazo correctamente el socket del server.
  ===============================================
    Comienzo del Log ( 02-04-2016 a las 15:00 ) 
  ===============================================

  ERROR: Server: No se enlazo correctamente el socket del server.
  ===============================================
    Comienzo del Log ( 02-04-2016 a las 15:00 ) 
  ===============================================

  ERROR: Server: No se enlazo correctamente el socket del server.
  ===============================================
    Comienzo del Log ( 02-04-2016 a las 15:01 ) 
  ===============================================

  DEBUG: Server: Se acepto el cliente: 127.0.0.1
  ===============================================
    Comienzo del Log ( 02-04-2016 a las 15:04 ) 
  ===============================================

  DEBUG: Server: Se acepto el cliente: 127.0.0.1
  DEBUG: Server: Se desconectó un cliente.
