  ===============================================
    Comienzo del Log ( 05-04-2016 a las 00:07 ) 
  ===============================================

  DEBUG: Server: Se acepto el cliente: 127.0.0.1
  DEBUG: El Mensaje con ID: mensaje1 fue procesado correctamente.
  DEBUG: El Mensaje con ID: mensaje1 fue procesado correctamente.
  DEBUG: El Mensaje con ID: mensaje1 fue procesado correctamente.
  DEBUG: El Mensaje con ID: mensaje1 fue procesado correctamente.
  DEBUG: Server: Se desconectó un cliente.
  DEBUG: Server: Se acepto el cliente: 127.0.0.1
  DEBUG: El Mensaje con ID: mensaje1 fue procesado correctamente.
  DEBUG: El Mensaje con ID: mensaje1 fue procesado correctamente.
  DEBUG: El Mensaje con ID: mensaje1 fue procesado correctamente.
  DEBUG: El Mensaje con ID: mensaje1 fue procesado correctamente.
  DEBUG: El Mensaje con ID: mensaje1 fue procesado correctamente.
  DEBUG: El Mensaje con ID: mensaje1 fue procesado correctamente.
  DEBUG: El Mensaje con ID: mensaje1 fue procesado correctamente.
  DEBUG: El Mensaje con ID: mensaje1 fue procesado correctamente.
  DEBUG: El Mensaje con ID: mensaje1 fue procesado correctamente.
  DEBUG: El Mensaje con ID: mensaje1 fue procesado correctamente.
  DEBUG: El Mensaje con ID: mensaje1 fue procesado correctamente.
  DEBUG: El Mensaje con ID: mensaje1 fue procesado correctamente.
  DEBUG: El Mensaje con ID: mensaje1 fue procesado correctamente.
  DEBUG: Server: Se desconectó un cliente.
  ===============================================
    Comienzo del Log ( 05-04-2016 a las 00:20 ) 
  ===============================================

  DEBUG: Server: Se acepto el cliente: 127.0.0.1
  DEBUG: El Mensaje con ID: mensaje1 fue procesado correctamente.
  DEBUG: El Mensaje con ID: mensaje1 fue procesado correctamente.
  DEBUG: El Mensaje con ID: mensaje1 fue procesado correctamente.
  DEBUG: El Mensaje con ID: mensaje1 fue procesado correctamente.
  DEBUG: El Mensaje con ID: mensaje1 fue procesado correctamente.
  DEBUG: El Mensaje con ID: mensaje1 fue procesado correctamente.
  DEBUG: El Mensaje con ID: mensaje1 fue procesado correctamente.
  DEBUG: El Mensaje con ID: mensaje1 fue procesado correctamente.
  DEBUG: El Mensaje con ID: mensaje1 fue procesado correctamente.
  DEBUG: El Mensaje con ID: mensaje1 fue procesado correctamente.
  DEBUG: Server: Se acepto el cliente: 127.0.0.1
  DEBUG: El Mensaje con ID: mensaje1 fue procesado correctamente.
  DEBUG: El Mensaje con ID: mensaje1 fue procesado correctamente.
  DEBUG: El Mensaje con ID: mensaje1 fue procesado correctamente.
  DEBUG: El Mensaje con ID: mensaje1 fue procesado correctamente.
  DEBUG: El Mensaje con ID: mensaje1 fue procesado correctamente.
  DEBUG: El Mensaje con ID: mensaje1 fue procesado correctamente.
  DEBUG: El Mensaje con ID: mensaje1 fue procesado correctamente.
  DEBUG: El Mensaje con ID: mensaje1 fue procesado correctamente.
  DEBUG: El Mensaje con ID: mensaje1 fue procesado correctamente.
  DEBUG: El Mensaje con ID: mensaje1 fue procesado correctamente.
  DEBUG: El Mensaje con ID: mensaje1 fue procesado correctamente.
  DEBUG: El Mensaje con ID: mensaje1 fue procesado correctamente.
  DEBUG: El Mensaje con ID: mensaje1 fue procesado correctamente.
  DEBUG: El Mensaje con ID: mensaje1 fue procesado correctamente.
  DEBUG: El Mensaje con ID: mensaje1 fue procesado correctamente.
  DEBUG: Server: Se desconectó un cliente.
  DEBUG: Server: Se desconectó un cliente.
  DEBUG: Server: Se acepto el cliente: 127.0.0.1
  DEBUG: El Mensaje con ID: mensaje1 fue procesado correctamente.
  DEBUG: El Mensaje con ID: mensaje1 fue procesado correctamente.
  DEBUG: El Mensaje con ID: mensaje1 fue procesado correctamente.
  DEBUG: Server: Se desconectó un cliente.
  DEBUG: Server: Se acepto el cliente: 127.0.0.1
  DEBUG: Server: Se desconectó un cliente.
  DEBUG: Server: Se acepto el cliente: 127.0.0.1
  DEBUG: Server: Se desconectó un cliente.
  DEBUG: Server: Se acepto el cliente: 127.0.0.1
  DEBUG: Server: Se desconectó un cliente.
  DEBUG: Server: Se acepto el cliente: 127.0.0.1
  DEBUG: Server: Se acepto el cliente: 127.0.0.1
  DEBUG: Server: Se desconectó un cliente.
  DEBUG: Server: Se acepto el cliente: 127.0.0.1
  DEBUG: El Mensaje con ID: mensaje1 fue procesado correctamente.
  DEBUG: El Mensaje con ID: mensaje1 fue procesado correctamente.
  DEBUG: El Mensaje con ID: mensaje1 fue procesado correctamente.
  DEBUG: El Mensaje con ID: mensaje1 fue procesado correctamente.
  DEBUG: El Mensaje con ID: mensaje1 fue procesado correctamente.
  DEBUG: El Mensaje con ID: mensaje1 fue procesado correctamente.
  DEBUG: El Mensaje con ID: mensaje1 fue procesado correctamente.
  DEBUG: El Mensaje con ID: mensaje1 fue procesado correctamente.
  DEBUG: El Mensaje con ID: mensaje1 fue procesado correctamente.
  DEBUG: El Mensaje con ID: mensaje1 fue procesado correctamente.
  DEBUG: Server: Se desconectó un cliente.
  DEBUG: Server: Se acepto el cliente: 127.0.0.1
  DEBUG: Server: Se desconectó un cliente.
  DEBUG: Server: Se acepto el cliente: 127.0.0.1
  DEBUG: Server: Se desconectó un cliente.
  DEBUG: Server: Se acepto el cliente: 127.0.0.1
  DEBUG: Server: Se desconectó un cliente.
  DEBUG: Server: Se acepto el cliente: 127.0.0.1
  DEBUG: Server: Se desconectó un cliente.
  DEBUG: Server: Se acepto el cliente: 127.0.0.1
  DEBUG: Server: Se desconectó un cliente.
  DEBUG: Server: Se acepto el cliente: 127.0.0.1
  DEBUG: Server: Se desconectó un cliente.
  DEBUG: Server: Se acepto el cliente: 127.0.0.1
  DEBUG: Server: Se desconectó un cliente.
  DEBUG: Server: Se acepto el cliente: 127.0.0.1
  DEBUG: Server: Se desconectó un cliente.
  DEBUG: Server: Se acepto el cliente: 127.0.0.1
  DEBUG: Server: Se desconectó un cliente.
  DEBUG: Server: Se acepto el cliente: 127.0.0.1
  DEBUG: El Mensaje con ID: mensaje1 fue procesado correctamente.
  DEBUG: El Mensaje con ID: mensaje1 fue procesado correctamente.
  DEBUG: El Mensaje con ID: mensaje1 fue procesado correctamente.
  DEBUG: El Mensaje con ID: mensaje1 fue procesado correctamente.
  DEBUG: El Mensaje con ID: mensaje1 fue procesado correctamente.
  DEBUG: El Mensaje con ID: mensaje1 fue procesado correctamente.
  DEBUG: El Mensaje con ID: mensaje1 fue procesado correctamente.
  DEBUG: El Mensaje con ID: mensaje1 fue procesado correctamente.
  DEBUG: El Mensaje con ID: mensaje1 fue procesado correctamente.
  DEBUG: El Mensaje con ID: mensaje1 fue procesado correctamente.
  DEBUG: El Mensaje con ID: mensaje1 fue procesado correctamente.
  DEBUG: El Mensaje con ID: mensaje1 fue procesado correctamente.
  DEBUG: El Mensaje con ID: mensaje1 fue procesado correctamente.
  DEBUG: El Mensaje con ID: mensaje1 fue procesado correctamente.
  DEBUG: El Mensaje con ID: mensaje1 fue procesado correctamente.
  DEBUG: El Mensaje con ID: mensaje1 fue procesado correctamente.
  DEBUG: El Mensaje con ID: mensaje1 fue procesado correctamente.
  DEBUG: El Mensaje con ID: mensaje1 fue procesado correctamente.
  DEBUG: El Mensaje con ID: mensaje1 fue procesado correctamente.
  DEBUG: El Mensaje con ID: mensaje1 fue procesado correctamente.
  DEBUG: El Mensaje con ID: mensaje1 fue procesado correctamente.
  DEBUG: El Mensaje con ID: mensaje1 fue procesado correctamente.
  DEBUG: El Mensaje con ID: mensaje1 fue procesado correctamente.
  DEBUG: El Mensaje con ID: mensaje1 fue procesado correctamente.
  DEBUG: El Mensaje con ID: mensaje1 fue procesado correctamente.
  DEBUG: El Mensaje con ID: mensaje1 fue procesado correctamente.
  DEBUG: El Mensaje con ID: mensaje1 fue procesado correctamente.
  DEBUG: El Mensaje con ID: mensaje1 fue procesado correctamente.
  DEBUG: El Mensaje con ID: mensaje1 fue procesado correctamente.
  DEBUG: El Mensaje con ID: mensaje1 fue procesado correctamente.
  DEBUG: El Mensaje con ID: mensaje1 fue procesado correctamente.
  DEBUG: El Mensaje con ID: mensaje1 fue procesado correctamente.
  DEBUG: El Mensaje con ID: mensaje1 fue procesado correctamente.
  DEBUG: El Mensaje con ID: mensaje1 fue procesado correctamente.
  DEBUG: El Mensaje con ID: mensaje1 fue procesado correctamente.
  DEBUG: El Mensaje con ID: mensaje1 fue procesado correctamente.
  DEBUG: El Mensaje con ID: mensaje1 fue procesado correctamente.
  DEBUG: El Mensaje con ID: mensaje1 fue procesado correctamente.
  DEBUG: El Mensaje con ID: mensaje1 fue procesado correctamente.
  DEBUG: El Mensaje con ID: mensaje1 fue procesado correctamente.
  DEBUG: El Mensaje con ID: mensaje1 fue procesado correctamente.
  DEBUG: El Mensaje con ID: mensaje1 fue procesado correctamente.
  DEBUG: El Mensaje con ID: mensaje1 fue procesado correctamente.
  DEBUG: El Mensaje con ID: mensaje1 fue procesado correctamente.
  DEBUG: El Mensaje con ID: mensaje1 fue procesado correctamente.
  DEBUG: El Mensaje con ID: mensaje1 fue procesado correctamente.
  DEBUG: El Mensaje con ID: mensaje1 fue procesado correctamente.
  DEBUG: El Mensaje con ID: mensaje1 fue procesado correctamente.
  DEBUG: El Mensaje con ID: mensaje1 fue procesado correctamente.
  DEBUG: Server: Se desconectó un cliente.
  DEBUG: Server: Se acepto el cliente: 127.0.0.1
  DEBUG: El Mensaje con ID: mensaje1 fue procesado correctamente.
  DEBUG: El Mensaje con ID: mensaje1 fue procesado correctamente.
  DEBUG: El Mensaje con ID: mensaje1 fue procesado correctamente.
  DEBUG: El Mensaje con ID: mensaje1 fue procesado correctamente.
  DEBUG: El Mensaje con ID: mensaje1 fue procesado correctamente.
  DEBUG: El Mensaje con ID: mensaje1 fue procesado correctamente.
  DEBUG: El Mensaje con ID: mensaje1 fue procesado correctamente.
  DEBUG: El Mensaje con ID: mensaje1 fue procesado correctamente.
  DEBUG: El Mensaje con ID: mensaje1 fue procesado correctamente.
  DEBUG: Server: Se desconectó un cliente.
  DEBUG: Server: Se acepto el cliente: 127.0.0.1
  DEBUG: El Mensaje con ID: mensaje1 fue procesado correctamente.
  DEBUG: El Mensaje con ID: mensaje1 fue procesado correctamente.
  DEBUG: El Mensaje con ID: mensaje1 fue procesado correctamente.
  DEBUG: Server: Se desconectó un cliente.
  DEBUG: Server: Se acepto el cliente: 127.0.0.1
  DEBUG: El Mensaje con ID: mensaje1 fue procesado correctamente.
  DEBUG: El Mensaje con ID: mensaje1 fue procesado correctamente.
  DEBUG: El Mensaje con ID: mensaje1 fue procesado correctamente.
  DEBUG: El Mensaje con ID: mensaje1 fue procesado correctamente.
  DEBUG: El Mensaje con ID: mensaje1 fue procesado correctamente.
  DEBUG: Server: Se desconectó un cliente.
  DEBUG: Server: Se acepto el cliente: 127.0.0.1
  DEBUG: El Mensaje con ID: mensaje1 fue procesado correctamente.
  DEBUG: Server: Se desconectó un cliente.
  DEBUG: Server: Se acepto el cliente: 127.0.0.1
  DEBUG: El Mensaje con ID: mensaje1 fue procesado correctamente.
  DEBUG: El Mensaje con ID: mensaje1 fue procesado correctamente.
  DEBUG: El Mensaje con ID: mensaje1 fue procesado correctamente.
  DEBUG: El Mensaje con ID: mensaje1 fue procesado correctamente.
  DEBUG: El Mensaje con ID: mensaje1 fue procesado correctamente.
  DEBUG: El Mensaje con ID: mensaje1 fue procesado correctamente.
  DEBUG: El Mensaje con ID: mensaje1 fue procesado correctamente.
  DEBUG: El Mensaje con ID: mensaje1 fue procesado correctamente.
  DEBUG: El Mensaje con ID: mensaje1 fue procesado correctamente.
  DEBUG: El Mensaje con ID: mensaje1 fue procesado correctamente.
  DEBUG: Server: Se desconectó un cliente.
  DEBUG: Server: Se acepto el cliente: 127.0.0.1
  DEBUG: El Mensaje con ID: mensaje1 fue procesado correctamente.
  DEBUG: El Mensaje con ID: mensaje1 fue procesado correctamente.
  DEBUG: El Mensaje con ID: mensaje1 fue procesado correctamente.
  DEBUG: El Mensaje con ID: mensaje1 fue procesado correctamente.
  DEBUG: Server: Se desconectó un cliente.
  DEBUG: Server: Se acepto el cliente: 127.0.0.1
  DEBUG: El Mensaje con ID: mensaje1 fue procesado correctamente.
  DEBUG: El Mensaje con ID: mensaje1 fue procesado correctamente.
  DEBUG: El Mensaje con ID: mensaje1 fue procesado correctamente.
  DEBUG: El Mensaje con ID: mensaje1 fue procesado correctamente.
  DEBUG: Server: Se desconectó un cliente.
  DEBUG: Server: Se acepto el cliente: 127.0.0.1
  DEBUG: El Mensaje con ID: mensaje1 fue procesado correctamente.
  DEBUG: El Mensaje con ID: mensaje1 fue procesado correctamente.
  DEBUG: El Mensaje con ID: mensaje1 fue procesado correctamente.
  DEBUG: El Mensaje con ID: mensaje1 fue procesado correctamente.
  DEBUG: El Mensaje con ID: mensaje1 fue procesado correctamente.
  DEBUG: El Mensaje con ID: mensaje1 fue procesado correctamente.
  DEBUG: El Mensaje con ID: mensaje1 fue procesado correctamente.
  DEBUG: El Mensaje con ID: mensaje1 fue procesado correctamente.
  DEBUG: El Mensaje con ID: mensaje1 fue procesado correctamente.
  DEBUG: El Mensaje con ID: mensaje1 fue procesado correctamente.
  DEBUG: El Mensaje con ID: mensaje1 fue procesado correctamente.
  DEBUG: El Mensaje con ID: mensaje1 fue procesado correctamente.
  DEBUG: El Mensaje con ID: mensaje1 fue procesado correctamente.
  DEBUG: El Mensaje con ID: mensaje1 fue procesado correctamente.
  DEBUG: El Mensaje con ID: mensaje1 fue procesado correctamente.
  DEBUG: El Mensaje con ID: mensaje1 fue procesado correctamente.
  DEBUG: El Mensaje con ID: mensaje1 fue procesado correctamente.
  DEBUG: El Mensaje con ID: mensaje1 fue procesado correctamente.
  DEBUG: El Mensaje con ID: mensaje1 fue procesado correctamente.
  DEBUG: El Mensaje con ID: mensaje1 fue procesado correctamente.
  DEBUG: El Mensaje con ID: mensaje1 fue procesado correctamente.
  DEBUG: El Mensaje con ID: mensaje1 fue procesado correctamente.
  DEBUG: El Mensaje con ID: mensaje1 fue procesado correctamente.
  DEBUG: El Mensaje con ID: mensaje1 fue procesado correctamente.
  DEBUG: El Mensaje con ID: mensaje1 fue procesado correctamente.
  DEBUG: El Mensaje con ID: mensaje1 fue procesado correctamente.
  DEBUG: El Mensaje con ID: mensaje1 fue procesado correctamente.
  DEBUG: El Mensaje con ID: mensaje1 fue procesado correctamente.
  DEBUG: Server: Se desconectó un cliente.
  DEBUG: Server: Se acepto el cliente: 127.0.0.1
  DEBUG: El Mensaje con ID: mensaje1 fue procesado correctamente.
  DEBUG: El Mensaje con ID: mensaje1 fue procesado correctamente.
  DEBUG: El Mensaje con ID: mensaje1 fue procesado correctamente.
  DEBUG: El Mensaje con ID: mensaje1 fue procesado correctamente.
  DEBUG: El Mensaje con ID: mensaje1 fue procesado correctamente.
  DEBUG: El Mensaje con ID: mensaje1 fue procesado correctamente.
  DEBUG: El Mensaje con ID: mensaje1 fue procesado correctamente.
  DEBUG: El Mensaje con ID: mensaje1 fue procesado correctamente.
  DEBUG: El Mensaje con ID: mensaje1 fue procesado correctamente.
  DEBUG: El Mensaje con ID: mensaje1 fue procesado correctamente.
  DEBUG: El Mensaje con ID: mensaje1 fue procesado correctamente.
  DEBUG: El Mensaje con ID: mensaje1 fue procesado correctamente.
  DEBUG: El Mensaje con ID: mensaje1 fue procesado correctamente.
  DEBUG: El Mensaje con ID: mensaje1 fue procesado correctamente.
  DEBUG: Server: Se desconectó un cliente.
  DEBUG: Server: Se acepto el cliente: 127.0.0.1
  DEBUG: El Mensaje con ID: mensaje1 fue procesado correctamente.
  DEBUG: El Mensaje con ID: mensaje1 fue procesado correctamente.
  DEBUG: El Mensaje con ID: mensaje1 fue procesado correctamente.
  DEBUG: El Mensaje con ID: mensaje1 fue procesado correctamente.
  DEBUG: El Mensaje con ID: mensaje1 fue procesado correctamente.
  DEBUG: El Mensaje con ID: mensaje1 fue procesado correctamente.
  DEBUG: El Mensaje con ID: mensaje1 fue procesado correctamente.
  DEBUG: El Mensaje con ID: mensaje1 fue procesado correctamente.
  DEBUG: El Mensaje con ID: mensaje1 fue procesado correctamente.
  DEBUG: El Mensaje con ID: mensaje1 fue procesado correctamente.
  DEBUG: El Mensaje con ID: mensaje1 fue procesado correctamente.
  DEBUG: El Mensaje con ID: mensaje1 fue procesado correctamente.
  DEBUG: El Mensaje con ID: mensaje1 fue procesado correctamente.
  DEBUG: El Mensaje con ID: mensaje1 fue procesado correctamente.
  DEBUG: El Mensaje con ID: mensaje1 fue procesado correctamente.
  DEBUG: El Mensaje con ID: mensaje1 fue procesado correctamente.
  DEBUG: El Mensaje con ID: mensaje1 fue procesado correctamente.
  DEBUG: El Mensaje con ID: mensaje1 fue procesado correctamente.
  DEBUG: El Mensaje con ID: mensaje1 fue procesado correctamente.
  DEBUG: Server: Se desconectó un cliente.
  ===============================================
    Comienzo del Log ( 05-04-2016 a las 02:13 ) 
  ===============================================

  DEBUG: Server: Se acepto el cliente: 127.0.0.1
  DEBUG: El Mensaje con ID: mensaje1 fue procesado correctamente.
  DEBUG: El Mensaje con ID: mensaje1 fue procesado correctamente.
  DEBUG: El Mensaje con ID: mensaje1 fue procesado correctamente.
  DEBUG: El Mensaje con ID: mensaje1 fue procesado correctamente.
  DEBUG: El Mensaje con ID: mensaje1 fue procesado correctamente.
  DEBUG: El Mensaje con ID: mensaje1 fue procesado correctamente.
  DEBUG: El Mensaje con ID: mensaje1 fue procesado correctamente.
  DEBUG: El Mensaje con ID: mensaje1 fue procesado correctamente.
  DEBUG: El Mensaje con ID: mensaje1 fue procesado correctamente.
  DEBUG: El Mensaje con ID: mensaje1 fue procesado correctamente.
  DEBUG: El Mensaje con ID: mensaje1 fue procesado correctamente.
  DEBUG: El Mensaje con ID: mensaje1 fue procesado correctamente.
  DEBUG: El Mensaje con ID: mensaje1 fue procesado correctamente.
  DEBUG: El Mensaje con ID: mensaje1 fue procesado correctamente.
  DEBUG: El Mensaje con ID: mensaje1 fue procesado correctamente.
  DEBUG: El Mensaje con ID: mensaje1 fue procesado correctamente.
  DEBUG: El Mensaje con ID: mensaje1 fue procesado correctamente.
  DEBUG: El Mensaje con ID: mensaje1 fue procesado correctamente.
  DEBUG: El Mensaje con ID: mensaje1 fue procesado correctamente.
  DEBUG: Server: Se desconectó un cliente.
  DEBUG: Server: Se acepto el cliente: 127.0.0.1
  DEBUG: El Mensaje con ID: mensaje1 fue procesado correctamente.
  DEBUG: El Mensaje con ID: mensaje1 fue procesado correctamente.
  DEBUG: El Mensaje con ID: mensaje1 fue procesado correctamente.
  DEBUG: El Mensaje con ID: mensaje1 fue procesado correctamente.
  DEBUG: El Mensaje con ID: mensaje1 fue procesado correctamente.
  DEBUG: El Mensaje con ID: mensaje1 fue procesado correctamente.
  DEBUG: El Mensaje con ID: mensaje1 fue procesado correctamente.
  DEBUG: El Mensaje con ID: mensaje1 fue procesado correctamente.
  DEBUG: El Mensaje con ID: mensaje1 fue procesado correctamente.
  DEBUG: El Mensaje con ID: mensaje1 fue procesado correctamente.
  DEBUG: El Mensaje con ID: mensaje1 fue procesado correctamente.
  DEBUG: El Mensaje con ID: mensaje1 fue procesado correctamente.
  DEBUG: El Mensaje con ID: mensaje1 fue procesado correctamente.
  DEBUG: El Mensaje con ID: mensaje1 fue procesado correctamente.
  DEBUG: El Mensaje con ID: mensaje1 fue procesado correctamente.
  DEBUG: El Mensaje con ID: mensaje1 fue procesado correctamente.
  DEBUG: El Mensaje con ID: mensaje1 fue procesado correctamente.
  DEBUG: El Mensaje con ID: mensaje1 fue procesado correctamente.
  DEBUG: El Mensaje con ID: mensaje1 fue procesado correctamente.
  DEBUG: El Mensaje con ID: mensaje1 fue procesado correctamente.
  DEBUG: El Mensaje con ID: mensaje1 fue procesado correctamente.
  DEBUG: El Mensaje con ID: mensaje1 fue procesado correctamente.
  DEBUG: El Mensaje con ID: mensaje1 fue procesado correctamente.
  DEBUG: El Mensaje con ID: mensaje1 fue procesado correctamente.
  DEBUG: Server: Se desconectó un cliente.
