  ===============================================
    Comienzo del Log ( 03-04-2016 a las 01:16 ) 
  ===============================================

  DEBUG: Server: Se acepto el cliente: 192.168.0.11
  DEBUG: Server: Se desconectó un cliente.
  ===============================================
    Comienzo del Log ( 03-04-2016 a las 01:19 ) 
  ===============================================

  ERROR: Server: No se enlazo correctamente el socket del server.
  ===============================================
    Comienzo del Log ( 03-04-2016 a las 01:19 ) 
  ===============================================

  DEBUG: Server: Se acepto el cliente: 192.168.0.11
  DEBUG: Server: Se desconectó un cliente.
  ===============================================
    Comienzo del Log ( 03-04-2016 a las 01:21 ) 
  ===============================================

  DEBUG: Server: Se acepto el cliente: 192.168.0.11
  DEBUG: Server: Se desconectó un cliente.
  DEBUG: Server: Se acepto el cliente: 192.168.0.11
  DEBUG: Server: Se desconectó un cliente.
  DEBUG: Server: Se acepto el cliente: 192.168.0.11
  DEBUG: Server: Se desconectó un cliente.
  DEBUG: Server: Se acepto el cliente: 192.168.0.11
  DEBUG: Server: Se desconectó un cliente.
  DEBUG: Server: Se acepto el cliente: 192.168.0.11
  DEBUG: Server: Se desconectó un cliente.
  DEBUG: Server: Se acepto el cliente: 192.168.0.11
  DEBUG: Server: Se desconectó un cliente.
  ===============================================
    Comienzo del Log ( 03-04-2016 a las 01:40 ) 
  ===============================================

  DEBUG: Server: Se acepto el cliente: 192.168.0.11
  DEBUG: Server: Se desconectó un cliente.
  ===============================================
    Comienzo del Log ( 03-04-2016 a las 01:43 ) 
  ===============================================

  DEBUG: Server: Se acepto el cliente: 192.168.0.11
  DEBUG: Server: Se desconectó un cliente.
  DEBUG: Server: Se acepto el cliente: 192.168.0.11
  ===============================================
    Comienzo del Log ( 03-04-2016 a las 01:48 ) 
  ===============================================

  ERROR: Server: No se enlazo correctamente el socket del server.
  ===============================================
    Comienzo del Log ( 03-04-2016 a las 01:48 ) 
  ===============================================

  DEBUG: Server: Se acepto el cliente: 192.168.0.11
  ===============================================
    Comienzo del Log ( 03-04-2016 a las 01:51 ) 
  ===============================================

  DEBUG: Server: Se acepto el cliente: 192.168.0.11
  ===============================================
    Comienzo del Log ( 03-04-2016 a las 01:53 ) 
  ===============================================

  ERROR: Server: No se enlazo correctamente el socket del server.
  ===============================================
    Comienzo del Log ( 03-04-2016 a las 01:53 ) 
  ===============================================

  ERROR: Server: No se enlazo correctamente el socket del server.
  ===============================================
    Comienzo del Log ( 03-04-2016 a las 01:53 ) 
  ===============================================

  ERROR: Server: No se enlazo correctamente el socket del server.
  ===============================================
    Comienzo del Log ( 03-04-2016 a las 01:54 ) 
  ===============================================

  ERROR: Server: No se enlazo correctamente el socket del server.
  ===============================================
    Comienzo del Log ( 03-04-2016 a las 01:54 ) 
  ===============================================

  DEBUG: Server: Se acepto el cliente: 192.168.0.11
  ===============================================
    Comienzo del Log ( 03-04-2016 a las 01:56 ) 
  ===============================================

  DEBUG: Server: Se acepto el cliente: 192.168.0.11
  ===============================================
    Comienzo del Log ( 03-04-2016 a las 01:57 ) 
  ===============================================

  DEBUG: Server: Se acepto el cliente: 192.168.0.11
  ===============================================
    Comienzo del Log ( 03-04-2016 a las 02:00 ) 
  ===============================================

  DEBUG: Server: Se acepto el cliente: 192.168.0.11
  ===============================================
    Comienzo del Log ( 03-04-2016 a las 02:04 ) 
  ===============================================

  ERROR: Server: No se enlazo correctamente el socket del server.
  ===============================================
    Comienzo del Log ( 03-04-2016 a las 02:04 ) 
  ===============================================

  ERROR: Server: No se enlazo correctamente el socket del server.
  DEBUG: Server: Se acepto el cliente: 192.168.0.11
  DEBUG: Server: Se desconectó un cliente.
  ===============================================
    Comienzo del Log ( 03-04-2016 a las 02:05 ) 
  ===============================================

  ERROR: Server: No se enlazo correctamente el socket del server.
  ===============================================
    Comienzo del Log ( 03-04-2016 a las 02:05 ) 
  ===============================================

  ERROR: Server: No se enlazo correctamente el socket del server.
  ===============================================
    Comienzo del Log ( 03-04-2016 a las 02:05 ) 
  ===============================================

  ERROR: Server: No se enlazo correctamente el socket del server.
  ===============================================
    Comienzo del Log ( 03-04-2016 a las 02:06 ) 
  ===============================================

  DEBUG: Server: Se acepto el cliente: 192.168.0.11
  DEBUG: Server: Se desconectó un cliente.
  ===============================================
    Comienzo del Log ( 03-04-2016 a las 02:07 ) 
  ===============================================

  ERROR: Server: No se enlazo correctamente el socket del server.
  ===============================================
    Comienzo del Log ( 03-04-2016 a las 02:07 ) 
  ===============================================

  DEBUG: Server: Se acepto el cliente: 192.168.0.11
  ===============================================
    Comienzo del Log ( 03-04-2016 a las 02:08 ) 
  ===============================================

  DEBUG: Server: Se acepto el cliente: 192.168.0.11
  DEBUG: Server: Se desconectó un cliente.
  DEBUG: Server: Se acepto el cliente: 192.168.0.11
  DEBUG: Server: Se desconectó un cliente.
  DEBUG: Server: Se acepto el cliente: 192.168.0.11
  ===============================================
    Comienzo del Log ( 03-04-2016 a las 02:16 ) 
  ===============================================

  DEBUG: Server: Se acepto el cliente: 192.168.0.11
  ===============================================
    Comienzo del Log ( 03-04-2016 a las 02:19 ) 
  ===============================================

  DEBUG: Server: Se acepto el cliente: 192.168.0.11
  ===============================================
    Comienzo del Log ( 03-04-2016 a las 02:21 ) 
  ===============================================

  DEBUG: Server: Se acepto el cliente: 192.168.0.11
  ===============================================
    Comienzo del Log ( 03-04-2016 a las 02:23 ) 
  ===============================================

  DEBUG: Server: Se acepto el cliente: 192.168.0.11
  DEBUG: El Mensaje con ID: mensaje1 fue procesado correctamente.
  DEBUG: Server: Se desconectó un cliente.
  DEBUG: Server: Se acepto el cliente: 192.168.0.11
  DEBUG: El Mensaje con ID: mensaje1 fue procesado correctamente.
  DEBUG: Server: Se acepto el cliente: 192.168.0.11
  DEBUG: El Mensaje con ID: mensaje1 fue procesado correctamente.
  DEBUG: El Mensaje con ID: mensaje1 fue procesado correctamente.
  DEBUG: Server: Se desconectó un cliente.
  DEBUG: Server: Se desconectó un cliente.
  DEBUG: Server: Se acepto el cliente: 192.168.0.11
  DEBUG: El Mensaje con ID: mensaje1 fue procesado correctamente.
  DEBUG: Server: Se desconectó un cliente.
  ===============================================
    Comienzo del Log ( 03-04-2016 a las 02:39 ) 
  ===============================================

  DEBUG: Server: Se acepto el cliente: 192.168.0.11
  DEBUG: El Mensaje con ID: mensaje1 fue procesado correctamente.
  DEBUG: Server: Se desconectó un cliente.
  ===============================================
    Comienzo del Log ( 03-04-2016 a las 02:46 ) 
  ===============================================

  DEBUG: Server: Se acepto el cliente: 192.168.0.11
  DEBUG: El Mensaje con ID: mensaje1 fue rechazado.
  DEBUG: El Mensaje con ID: mensaje1 fue procesado correctamente.
  DEBUG: Server: Se desconectó un cliente.
  DEBUG: Server: Se acepto el cliente: 192.168.0.11
  DEBUG: El Mensaje con ID: mensaje1 fue rechazado.
  DEBUG: El Mensaje con ID: mensaje1 fue procesado correctamente.
  DEBUG: Server: Se desconectó un cliente.
  DEBUG: Server: Se acepto el cliente: 192.168.0.11
  DEBUG: El Mensaje con ID: mensaje1 fue rechazado.
  DEBUG: El Mensaje con ID: mensaje1 fue procesado correctamente.
  DEBUG: Server: Se desconectó un cliente.
  DEBUG: Server: Se acepto el cliente: 192.168.0.11
  DEBUG: El Mensaje con ID: mensaje1 fue procesado correctamente.
  DEBUG: Server: Se desconectó un cliente.
  DEBUG: Server: Se acepto el cliente: 192.168.0.11
  DEBUG: El Mensaje con ID: mensaje1 fue procesado correctamente.
  DEBUG: Server: Se desconectó un cliente.
  DEBUG: Server: Se acepto el cliente: 192.168.0.11
  DEBUG: El Mensaje con ID: mensaje1 fue procesado correctamente.
  DEBUG: Server: Se desconectó un cliente.
  ===============================================
    Comienzo del Log ( 03-04-2016 a las 03:01 ) 
  ===============================================

  DEBUG: Server: Se acepto el cliente: 192.168.0.11
  DEBUG: El Mensaje con ID: mensaje1 fue procesado correctamente.
  DEBUG: Server: Se desconectó un cliente.
  ===============================================
    Comienzo del Log ( 03-04-2016 a las 03:10 ) 
  ===============================================

  DEBUG: Server: Se acepto el cliente: 192.168.0.11
  DEBUG: El Mensaje con ID: mensaje1 fue procesado correctamente.
  DEBUG: Server: Se desconectó un cliente.
  DEBUG: Server: Se acepto el cliente: 192.168.0.11
  DEBUG: El Mensaje con ID: mensaje1 fue procesado correctamente.
  DEBUG: Server: Se desconectó un cliente.
  DEBUG: Server: Se acepto el cliente: 192.168.0.11
  DEBUG: El Mensaje con ID: mensaje1 fue procesado correctamente.
  DEBUG: Server: Se acepto el cliente: 192.168.0.11
  DEBUG: El Mensaje con ID: mensaje1 fue procesado correctamente.
  DEBUG: Server: Se desconectó un cliente.
  DEBUG: El Mensaje con ID: mensaje1 fue procesado correctamente.
  DEBUG: Server: Se desconectó un cliente.
