  ===============================================
    Comienzo del Log ( 04-04-2016 a las 15:56 ) 
  ===============================================

  DEBUG: Server: Se acepto el cliente: 192.168.0.11
  DEBUG: Server: Se desconectó un cliente.
  DEBUG: Server: Se acepto el cliente: 192.168.0.11
  DEBUG: El Mensaje con ID: mensaje1 fue rechazado.
  DEBUG: El Mensaje con ID: mensaje1 fue procesado correctamente.
  DEBUG: Server: Se desconectó un cliente.
  DEBUG: Server: Se acepto el cliente: 192.168.0.11
  DEBUG: El Mensaje con ID: mensaje1 fue procesado correctamente.
  DEBUG: El Mensaje con ID: mensaje1 fue procesado correctamente.
  DEBUG: Server: Se desconectó un cliente.
  ===============================================
    Comienzo del Log ( 04-04-2016 a las 18:20 ) 
  ===============================================

  DEBUG: Server: Se acepto el cliente: 127.0.0.1
  DEBUG: El Mensaje con ID: mensaje1 fue procesado correctamente.
  DEBUG: El Mensaje con ID: mensaje1 fue procesado correctamente.
  DEBUG: El Mensaje con ID: mensaje1 fue procesado correctamente.
  DEBUG: Server: Se desconectó un cliente.
  DEBUG: Server: Se acepto el cliente: 127.0.0.1
  DEBUG: El Mensaje con ID: mensaje1 fue procesado correctamente.
  DEBUG: Server: Se desconectó un cliente.
  DEBUG: Server: Se acepto el cliente: 127.0.0.1
  DEBUG: El Mensaje con ID: mensaje1 fue procesado correctamente.
  DEBUG: Server: Se acepto el cliente: 127.0.0.1
  DEBUG: El Mensaje con ID: mensaje1 fue procesado correctamente.
  DEBUG: El Mensaje con ID: mensaje1 fue procesado correctamente.
  DEBUG: Server: Se desconectó un cliente.
  DEBUG: El Mensaje con ID: mensaje1 fue procesado correctamente.
  DEBUG: Server: Se desconectó un cliente.
  DEBUG: Server: Se acepto el cliente: 127.0.0.1
  DEBUG: El Mensaje con ID: Mensaje1 fue rechazado.
  DEBUG: El Mensaje con ID: Mensaje1 fue procesado correctamente.
  DEBUG: El Mensaje con ID: Mensaje1 fue rechazado.
  DEBUG: El Mensaje con ID: Mensaje1 fue procesado correctamente.
  DEBUG: El Mensaje con ID: Mensaje1 fue rechazado.
  DEBUG: El Mensaje con ID: Mensaje1 fue procesado correctamente.
  DEBUG: El Mensaje con ID: Mensaje1 fue rechazado.
  DEBUG: El Mensaje con ID: Mensaje1 fue procesado correctamente.
  DEBUG: El Mensaje con ID: Mensaje1 fue rechazado.
  DEBUG: El Mensaje con ID: Mensaje1 fue procesado correctamente.
  DEBUG: El Mensaje con ID: Mensaje1 fue rechazado.
  DEBUG: El Mensaje con ID: Mensaje1 fue procesado correctamente.
  DEBUG: El Mensaje con ID: Mensaje1 fue rechazado.
  DEBUG: El Mensaje con ID: Mensaje1 fue procesado correctamente.
  ===============================================
    Comienzo del Log ( 04-04-2016 a las 19:37 ) 
  ===============================================

  DEBUG: Server: Se acepto el cliente: 127.0.0.1
  DEBUG: Server: Se desconectó un cliente.
  DEBUG: Server: Se acepto el cliente: 127.0.0.1
  DEBUG: El Mensaje con ID: Mensaje1 fue rechazado.
  DEBUG: El Mensaje con ID: Mensaje1 fue procesado correctamente.
  DEBUG: El Mensaje con ID: Mensaje1 fue rechazado.
  DEBUG: El Mensaje con ID: Mensaje1 fue procesado correctamente.
  DEBUG: El Mensaje con ID: Mensaje1 fue rechazado.
  DEBUG: El Mensaje con ID: Mensaje1 fue procesado correctamente.
  DEBUG: El Mensaje con ID: Mensaje1 fue rechazado.
  DEBUG: El Mensaje con ID: Mensaje1 fue procesado correctamente.
  DEBUG: Server: Se desconectó un cliente.
  DEBUG: Server: Se acepto el cliente: 127.0.0.1
  DEBUG: El Mensaje con ID: Mensaje2 fue rechazado.
  DEBUG: El Mensaje con ID: Mensaje2 fue procesado correctamente.
  DEBUG: El Mensaje con ID: Mensaje1 fue rechazado.
  DEBUG: El Mensaje con ID: Mensaje1 fue procesado correctamente.
  DEBUG: El Mensaje con ID: Mensaje3 fue procesado correctamente.
  DEBUG: El Mensaje con ID: Mensaje4 fue rechazado.
  DEBUG: El Mensaje con ID: Mensaje4 fue procesado correctamente.
  DEBUG: El Mensaje con ID: Mensaje5 fue rechazado.
  DEBUG: El Mensaje con ID: Mensaje5 fue procesado correctamente.
  DEBUG: El Mensaje con ID: Mensaje5 fue rechazado.
  DEBUG: El Mensaje con ID: Mensaje5 fue procesado correctamente.
  DEBUG: El Mensaje con ID: Mensaje5 fue rechazado.
  DEBUG: El Mensaje con ID: Mensaje5 fue procesado correctamente.
  DEBUG: El Mensaje con ID: Mensaje4 fue rechazado.
  DEBUG: El Mensaje con ID: Mensaje4 fue procesado correctamente.
  DEBUG: El Mensaje con ID: Mensaje5 fue rechazado.
  DEBUG: El Mensaje con ID: Mensaje5 fue procesado correctamente.
  DEBUG: Server: Se desconectó un cliente.
  ===============================================
    Comienzo del Log ( 04-04-2016 a las 22:58 ) 
  ===============================================

  ERROR: Server: No se enlazo correctamente el socket del server.

  ===============================================
    Finaliza el Log ( 04-04-2016 a las 22:58 ) 
  ===============================================

  ===============================================
    Comienzo del Log ( 04-04-2016 a las 22:58 ) 
  ===============================================

  ERROR: Server: No se enlazo correctamente el socket del server.

  ===============================================
    Finaliza el Log ( 04-04-2016 a las 22:58 ) 
  ===============================================

  ===============================================
    Comienzo del Log ( 04-04-2016 a las 23:02 ) 
  ===============================================

  DEBUG: Server: Se acepto el cliente: 127.0.0.1
  DEBUG: El Mensaje con ID: Mensaje4 fue rechazado.
  DEBUG: El Mensaje con ID: Mensaje4 fue procesado correctamente.
  DEBUG: El Mensaje con ID: Mensaje5 fue rechazado.
  DEBUG: El Mensaje con ID: Mensaje5 fue procesado correctamente.
  DEBUG: Server: Se desconectó un cliente.
