  ===============================================
    Comienzo del Log ( 02-04-2016 a las 00:46 ) 
  ===============================================

  ERROR: Cliente: El cliente no se pudo conectar satisfactoriamente
  ===============================================
    Comienzo del Log ( 02-04-2016 a las 00:47 ) 
  ===============================================

  ERROR: Cliente: El cliente no se pudo conectar satisfactoriamente
  ===============================================
    Comienzo del Log ( 02-04-2016 a las 00:49 ) 
  ===============================================

  ERROR: Cliente: El cliente no se pudo conectar satisfactoriamente
  ===============================================
    Comienzo del Log ( 02-04-2016 a las 01:18 ) 
  ===============================================

  ERROR: Cliente: El cliente no se pudo conectar satisfactoriamente
  ===============================================
    Comienzo del Log ( 02-04-2016 a las 01:32 ) 
  ===============================================

  WARNING: Cliente: No se pudo escribir el mensaje.
  ===============================================
    Comienzo del Log ( 02-04-2016 a las 02:33 ) 
  ===============================================


  ===============================================
    Finaliza el Log ( 02-04-2016 a las 02:33 ) 
  ===============================================

