  ===============================================
    Comienzo del Log ( 03-04-2016 a las 13:47 ) 
  ===============================================

  DEBUG: El Mensaje con ID: mensaje1 fue procesado correctamente.
  ===============================================
    Comienzo del Log ( 03-04-2016 a las 13:49 ) 
  ===============================================

  DEBUG: El Mensaje con ID: mensaje1 fue procesado correctamente.
  ===============================================
    Comienzo del Log ( 03-04-2016 a las 13:51 ) 
  ===============================================

  ERROR: Cliente: El cliente no se pudo conectar satisfactoriamente
  ===============================================
    Comienzo del Log ( 03-04-2016 a las 13:51 ) 
  ===============================================

  ERROR: Cliente: El cliente no se pudo conectar satisfactoriamente
  ===============================================
    Comienzo del Log ( 03-04-2016 a las 13:52 ) 
  ===============================================

  DEBUG: El Mensaje con ID: mensaje1 fue procesado correctamente.
  ===============================================
    Comienzo del Log ( 03-04-2016 a las 13:52 ) 
  ===============================================

  DEBUG: El Mensaje con ID: mensaje1 fue procesado correctamente.
  ===============================================
    Comienzo del Log ( 03-04-2016 a las 13:57 ) 
  ===============================================

  DEBUG: El Mensaje con ID: mensaje1 fue procesado correctamente.
  ===============================================
    Comienzo del Log ( 03-04-2016 a las 14:00 ) 
  ===============================================

  DEBUG: El Mensaje con ID: mensaje1 fue procesado correctamente.
  ===============================================
    Comienzo del Log ( 03-04-2016 a las 14:03 ) 
  ===============================================

  DEBUG: El Mensaje con ID: mensaje1 fue procesado correctamente.
  ===============================================
    Comienzo del Log ( 03-04-2016 a las 14:07 ) 
  ===============================================

  DEBUG: El Mensaje con ID: mensaje1 fue procesado correctamente.
  ===============================================
    Comienzo del Log ( 03-04-2016 a las 14:16 ) 
  ===============================================

  DEBUG: El Mensaje con ID: mensaje1 fue procesado correctamente.
  ===============================================
    Comienzo del Log ( 03-04-2016 a las 14:17 ) 
  ===============================================

  DEBUG: El Mensaje con ID: mensaje1 fue procesado correctamente.
  ===============================================
    Comienzo del Log ( 03-04-2016 a las 14:18 ) 
  ===============================================

  DEBUG: El Mensaje con ID: mensaje1 fue procesado correctamente.
  ===============================================
    Comienzo del Log ( 03-04-2016 a las 14:19 ) 
  ===============================================

  DEBUG: El Mensaje con ID: mensaje1 fue procesado correctamente.
  ===============================================
    Comienzo del Log ( 03-04-2016 a las 14:19 ) 
  ===============================================

  DEBUG: El Mensaje con ID: mensaje1 fue procesado correctamente.
  ===============================================
    Comienzo del Log ( 03-04-2016 a las 14:22 ) 
  ===============================================

  DEBUG: El Mensaje con ID: mensaje1 fue procesado correctamente.
  ===============================================
    Comienzo del Log ( 03-04-2016 a las 14:26 ) 
  ===============================================

  DEBUG: El Mensaje con ID: mensajedeveinticincocharsHola
 fue procesado correctamente.
  ===============================================
    Comienzo del Log ( 03-04-2016 a las 14:59 ) 
  ===============================================

  DEBUG: El Mensaje con ID: mensajedeveinticincochars fue procesado correctamente.
  ===============================================
    Comienzo del Log ( 03-04-2016 a las 14:59 ) 
  ===============================================

  DEBUG: El Mensaje con ID: mensaje1 fue procesado correctamente.
  ===============================================
    Comienzo del Log ( 03-04-2016 a las 15:17 ) 
  ===============================================

  DEBUG: El Mensaje con ID: mensaje1 fue procesado correctamente.
  ===============================================
    Comienzo del Log ( 03-04-2016 a las 15:26 ) 
  ===============================================

  DEBUG: El Mensaje con ID: mensaje1 fue procesado correctamente.
  ===============================================
    Comienzo del Log ( 03-04-2016 a las 15:28 ) 
  ===============================================

  DEBUG: El Mensaje con ID: mensaje1 fue procesado correctamente.
  ===============================================
    Comienzo del Log ( 03-04-2016 a las 15:28 ) 
  ===============================================

  DEBUG: El Mensaje con ID: mensaje1 fue procesado correctamente.
  DEBUG: El Mensaje con ID: mensaje1 fue procesado correctamente.
  ===============================================
    Comienzo del Log ( 03-04-2016 a las 15:30 ) 
  ===============================================

  DEBUG: El Mensaje con ID: mensaje1 fue procesado correctamente.
  ===============================================
    Comienzo del Log ( 03-04-2016 a las 15:31 ) 
  ===============================================

  DEBUG: El Mensaje con ID: mensaje1 fue procesado correctamente.
  ===============================================
    Comienzo del Log ( 03-04-2016 a las 15:38 ) 
  ===============================================

  DEBUG: El Mensaje con ID: mensajedeveinticincocharsHola
 fue procesado correctamente.
  ===============================================
    Comienzo del Log ( 03-04-2016 a las 15:42 ) 
  ===============================================

  DEBUG: El Mensaje con ID: mensaje1 fue procesado correctamente.
  ===============================================
    Comienzo del Log ( 03-04-2016 a las 15:47 ) 
  ===============================================

  DEBUG: El Mensaje con ID: mensaje1 fue procesado correctamente.
  ===============================================
    Comienzo del Log ( 03-04-2016 a las 15:52 ) 
  ===============================================

  ERROR: Cliente: El cliente no se pudo conectar satisfactoriamente
  ===============================================
    Comienzo del Log ( 03-04-2016 a las 15:53 ) 
  ===============================================

  DEBUG: El Mensaje con ID: mensaje1 fue procesado correctamente.
  ===============================================
    Comienzo del Log ( 03-04-2016 a las 16:01 ) 
  ===============================================

  DEBUG: El Mensaje con ID: mensaje1Hola
 fue procesado correctamente.
  ===============================================
    Comienzo del Log ( 03-04-2016 a las 16:05 ) 
  ===============================================

  ERROR: Cliente: El cliente no se pudo conectar satisfactoriamente
  ===============================================
    Comienzo del Log ( 03-04-2016 a las 16:05 ) 
  ===============================================

  ERROR: Cliente: El cliente no se pudo conectar satisfactoriamente
  ===============================================
    Comienzo del Log ( 03-04-2016 a las 16:05 ) 
  ===============================================

  ERROR: Cliente: El cliente no se pudo conectar satisfactoriamente
  ===============================================
    Comienzo del Log ( 03-04-2016 a las 16:06 ) 
  ===============================================

  DEBUG: El Mensaje con ID: mensaje1Hola
 fue procesado correctamente.
  ===============================================
    Comienzo del Log ( 03-04-2016 a las 16:08 ) 
  ===============================================

  ERROR: Cliente: El cliente no se pudo conectar satisfactoriamente
  ===============================================
    Comienzo del Log ( 03-04-2016 a las 16:08 ) 
  ===============================================

  ERROR: Cliente: El cliente no se pudo conectar satisfactoriamente
  ===============================================
    Comienzo del Log ( 03-04-2016 a las 16:08 ) 
  ===============================================

  DEBUG: El Mensaje con ID: mensaje1 fue procesado correctamente.
  ===============================================
    Comienzo del Log ( 03-04-2016 a las 16:12 ) 
  ===============================================

  DEBUG: El Mensaje con ID: mensaje1$ fue procesado correctamente.
  ===============================================
    Comienzo del Log ( 03-04-2016 a las 16:13 ) 
  ===============================================

  DEBUG: El Mensaje con ID: mensaje1$Hola
 fue procesado correctamente.
  ===============================================
    Comienzo del Log ( 03-04-2016 a las 16:22 ) 
  ===============================================

  DEBUG: El Mensaje con ID: mensaje1 fue procesado correctamente.
  ===============================================
    Comienzo del Log ( 03-04-2016 a las 16:26 ) 
  ===============================================

  DEBUG: El Mensaje con ID: mensaje1 fue procesado correctamente.
  ===============================================
    Comienzo del Log ( 03-04-2016 a las 16:27 ) 
  ===============================================

  ERROR: Cliente: El cliente no se pudo conectar satisfactoriamente
  ===============================================
    Comienzo del Log ( 03-04-2016 a las 16:27 ) 
  ===============================================

  ERROR: Cliente: El cliente no se pudo conectar satisfactoriamente
  ===============================================
    Comienzo del Log ( 03-04-2016 a las 16:27 ) 
  ===============================================

  DEBUG: El Mensaje con ID: mensaje1 fue procesado correctamente.
  ===============================================
    Comienzo del Log ( 03-04-2016 a las 16:29 ) 
  ===============================================

  DEBUG: El Mensaje con ID: mensaje1 fue procesado correctamente.
  DEBUG: El Mensaje con ID: mensaje1 fue procesado correctamente.
  ===============================================
    Comienzo del Log ( 03-04-2016 a las 16:31 ) 
  ===============================================

  DEBUG: El Mensaje con ID: mensaje1 fue procesado correctamente.
  ===============================================
    Comienzo del Log ( 03-04-2016 a las 16:39 ) 
  ===============================================

  DEBUG: El Mensaje con ID: mensaje1 fue procesado correctamente.
  ===============================================
    Comienzo del Log ( 03-04-2016 a las 16:43 ) 
  ===============================================

  DEBUG: El Mensaje con ID: mensaje1 fue procesado correctamente.
  ===============================================
    Comienzo del Log ( 03-04-2016 a las 16:45 ) 
  ===============================================

  DEBUG: El Mensaje con ID: mensaje1 fue procesado correctamente.
  ===============================================
    Comienzo del Log ( 03-04-2016 a las 16:46 ) 
  ===============================================

  DEBUG: El Mensaje con ID: mensaje1 fue procesado correctamente.
  ===============================================
    Comienzo del Log ( 03-04-2016 a las 16:48 ) 
  ===============================================

  DEBUG: El Mensaje con ID: mensaje1 fue procesado correctamente.
  ===============================================
    Comienzo del Log ( 03-04-2016 a las 16:49 ) 
  ===============================================

  DEBUG: El Mensaje con ID: mensaje1 fue procesado correctamente.
  ===============================================
    Comienzo del Log ( 03-04-2016 a las 16:55 ) 
  ===============================================

  DEBUG: El Mensaje con ID: mensaje1 fue procesado correctamente.
  ===============================================
    Comienzo del Log ( 03-04-2016 a las 16:55 ) 
  ===============================================

  DEBUG: El Mensaje con ID: mensaje1 fue procesado correctamente.
  ===============================================
    Comienzo del Log ( 03-04-2016 a las 16:56 ) 
  ===============================================

  DEBUG: El Mensaje con ID: mensaje1 fue procesado correctamente.
  ===============================================
    Comienzo del Log ( 03-04-2016 a las 16:57 ) 
  ===============================================

  DEBUG: El Mensaje con ID: mensaje1 fue procesado correctamente.
  ===============================================
    Comienzo del Log ( 03-04-2016 a las 16:57 ) 
  ===============================================

  DEBUG: El Mensaje con ID: mensaje1 fue procesado correctamente.
