  ===============================================
    Comienzo del Log ( 18-05-2016 a las 14:52 ) 
  ===============================================

  DEBUG: Cliente: Conección al servidor exitosa.

  DEBUG: Cliente: Se recibieron y cargaron todas las texturas satisfactoriamente.
  ===============================================
    Comienzo del Log ( 18-05-2016 a las 14:52 ) 
  ===============================================

  DEBUG: Cliente: Conección al servidor exitosa.

  DEBUG: Cliente: Se recibieron y cargaron todas las texturas satisfactoriamente.
  DEBUG: Juego: El juego ha sido reiniciado.
  DEBUG: Juego: El juego ha sido reiniciado.
  DEBUG: Cliente: Se recibieron y cargaron todas las texturas satisfactoriamente.
  DEBUG: Cliente: Se recibieron y cargaron todas las texturas satisfactoriamente.
  DEBUG: Juego: El juego ha sido reiniciado.
  DEBUG: Juego: El juego ha sido reiniciado.
  DEBUG: Cliente: Se recibieron y cargaron todas las texturas satisfactoriamente.
  DEBUG: Cliente: Se recibieron y cargaron todas las texturas satisfactoriamente.
  DEBUG: Juego: El juego ha sido reiniciado.
  DEBUG: Juego: El juego ha sido reiniciado.
  DEBUG: Cliente: Se recibieron y cargaron todas las texturas satisfactoriamente.
  DEBUG: Cliente: Se recibieron y cargaron todas las texturas satisfactoriamente.
  DEBUG: Juego: El juego ha sido reiniciado.
  DEBUG: Juego: El juego ha sido reiniciado.
  DEBUG: Cliente: Se recibieron y cargaron todas las texturas satisfactoriamente.
  DEBUG: Cliente: Se recibieron y cargaron todas las texturas satisfactoriamente.
  DEBUG: Juego: El juego ha sido reiniciado.
  DEBUG: Juego: El juego ha sido reiniciado.
  DEBUG: Cliente: Se recibieron y cargaron todas las texturas satisfactoriamente.
  DEBUG: Cliente: Se recibieron y cargaron todas las texturas satisfactoriamente.
  DEBUG: Juego: El juego ha sido reiniciado.
  DEBUG: Juego: El juego ha sido reiniciado.
  DEBUG: Juego: El juego ha sido reiniciado.
  DEBUG: Cliente: Se recibieron y cargaron todas las texturas satisfactoriamente.
  DEBUG: Juego: El juego ha sido reiniciado.
  DEBUG: Cliente: Se recibieron y cargaron todas las texturas satisfactoriamente.
  DEBUG: Cliente: Se recibieron y cargaron todas las texturas satisfactoriamente.
  DEBUG: Juego: El juego ha sido reiniciado.
  DEBUG: Juego: El juego ha sido reiniciado.
  DEBUG: Cliente: Se recibieron y cargaron todas las texturas satisfactoriamente.
  DEBUG: Cliente: Se recibieron y cargaron todas las texturas satisfactoriamente.
  DEBUG: Juego: El juego ha sido reiniciado.
  DEBUG: Juego: El juego ha sido reiniciado.
  DEBUG: Cliente: Se recibieron y cargaron todas las texturas satisfactoriamente.
  DEBUG: Cliente: Se recibieron y cargaron todas las texturas satisfactoriamente.
  DEBUG: Cliente: El cliente se ha desconectado satisfactoriamente
  DEBUG: Cliente: El cliente se ha desconectado satisfactoriamente
  ===============================================
    Comienzo del Log ( 18-05-2016 a las 14:59 ) 
  ===============================================

  DEBUG: Cliente: Conección al servidor exitosa.

  DEBUG: Cliente: Se recibieron y cargaron todas las texturas satisfactoriamente.
  ===============================================
    Comienzo del Log ( 18-05-2016 a las 14:59 ) 
  ===============================================

  DEBUG: Cliente: Conección al servidor exitosa.

  DEBUG: Cliente: Se recibieron y cargaron todas las texturas satisfactoriamente.
  DEBUG: Cliente: El cliente se ha desconectado satisfactoriamente
  DEBUG: Cliente: El jguador s se ha desconectado.
  DEBUG: Cliente: El cliente se ha desconectado satisfactoriamente
  ===============================================
    Comienzo del Log ( 18-05-2016 a las 15:05 ) 
  ===============================================

  DEBUG: Cliente: Conección al servidor exitosa.

  DEBUG: Cliente: Se recibieron y cargaron todas las texturas satisfactoriamente.
  ===============================================
    Comienzo del Log ( 18-05-2016 a las 15:05 ) 
  ===============================================

  DEBUG: Cliente: Conección al servidor exitosa.

  DEBUG: Cliente: Se recibieron y cargaron todas las texturas satisfactoriamente.
  DEBUG: Cliente: El jguador s se ha desconectado.
  ===============================================
    Comienzo del Log ( 18-05-2016 a las 15:21 ) 
  ===============================================

  DEBUG: Cliente: Conección al servidor exitosa.

  DEBUG: Cliente: Se recibieron y cargaron todas las texturas satisfactoriamente.
  ===============================================
    Comienzo del Log ( 18-05-2016 a las 15:21 ) 
  ===============================================

  DEBUG: Cliente: Conección al servidor exitosa.

  DEBUG: Cliente: Se recibieron y cargaron todas las texturas satisfactoriamente.
  DEBUG: Cliente: El cliente se ha desconectado satisfactoriamente
  DEBUG: Cliente: El jguador a se ha desconectado.
  ===============================================
    Comienzo del Log ( 18-05-2016 a las 15:21 ) 
  ===============================================

  DEBUG: Cliente: Se ha reconectado un Cliente.
  DEBUG: Cliente: Conección al servidor exitosa.

  DEBUG: Cliente: Se recibieron y cargaron todas las texturas satisfactoriamente.
  DEBUG: Juego: El juego ha sido reiniciado.
  DEBUG: Juego: El juego ha sido reiniciado.
  DEBUG: Cliente: Se recibieron y cargaron todas las texturas satisfactoriamente.
  DEBUG: Cliente: Se recibieron y cargaron todas las texturas satisfactoriamente.
  DEBUG: Juego: El juego ha sido reiniciado.
  DEBUG: Juego: El juego ha sido reiniciado.
  DEBUG: Cliente: Se recibieron y cargaron todas las texturas satisfactoriamente.
  DEBUG: Cliente: Se recibieron y cargaron todas las texturas satisfactoriamente.
  DEBUG: Juego: El juego ha sido reiniciado.
  DEBUG: Juego: El juego ha sido reiniciado.
  DEBUG: Cliente: Se recibieron y cargaron todas las texturas satisfactoriamente.
  DEBUG: Cliente: Se recibieron y cargaron todas las texturas satisfactoriamente.
  DEBUG: Juego: El juego ha sido reiniciado.
  DEBUG: Juego: El juego ha sido reiniciado.
  DEBUG: Cliente: Se recibieron y cargaron todas las texturas satisfactoriamente.
  DEBUG: Cliente: Se recibieron y cargaron todas las texturas satisfactoriamente.
  DEBUG: Juego: El juego ha sido reiniciado.
  DEBUG: Juego: El juego ha sido reiniciado.
  DEBUG: Cliente: Se recibieron y cargaron todas las texturas satisfactoriamente.
  DEBUG: Cliente: Se recibieron y cargaron todas las texturas satisfactoriamente.
  DEBUG: Juego: El juego ha sido reiniciado.
  DEBUG: Juego: El juego ha sido reiniciado.
  DEBUG: Cliente: Se recibieron y cargaron todas las texturas satisfactoriamente.
  DEBUG: Cliente: Se recibieron y cargaron todas las texturas satisfactoriamente.
  DEBUG: Juego: El juego ha sido reiniciado.
  DEBUG: Juego: El juego ha sido reiniciado.
  DEBUG: Cliente: Se recibieron y cargaron todas las texturas satisfactoriamente.
  DEBUG: Cliente: Se recibieron y cargaron todas las texturas satisfactoriamente.
  DEBUG: Juego: El juego ha sido reiniciado.
  DEBUG: Juego: El juego ha sido reiniciado.
  DEBUG: Cliente: Se recibieron y cargaron todas las texturas satisfactoriamente.
  DEBUG: Cliente: Se recibieron y cargaron todas las texturas satisfactoriamente.
  DEBUG: Juego: El juego ha sido reiniciado.
  DEBUG: Juego: El juego ha sido reiniciado.
  DEBUG: Cliente: Se recibieron y cargaron todas las texturas satisfactoriamente.
  DEBUG: Cliente: Se recibieron y cargaron todas las texturas satisfactoriamente.
  DEBUG: Juego: El juego ha sido reiniciado.
  DEBUG: Juego: El juego ha sido reiniciado.
  DEBUG: Cliente: Se recibieron y cargaron todas las texturas satisfactoriamente.
  DEBUG: Cliente: Se recibieron y cargaron todas las texturas satisfactoriamente.
  DEBUG: Juego: El juego ha sido reiniciado.
  DEBUG: Juego: El juego ha sido reiniciado.
  DEBUG: Cliente: Se recibieron y cargaron todas las texturas satisfactoriamente.
  DEBUG: Cliente: Se recibieron y cargaron todas las texturas satisfactoriamente.
  DEBUG: Juego: El juego ha sido reiniciado.
  DEBUG: Juego: El juego ha sido reiniciado.
  DEBUG: Cliente: Se recibieron y cargaron todas las texturas satisfactoriamente.
  DEBUG: Cliente: Se recibieron y cargaron todas las texturas satisfactoriamente.
  DEBUG: Juego: El juego ha sido reiniciado.
  DEBUG: Juego: El juego ha sido reiniciado.
  DEBUG: Cliente: Se recibieron y cargaron todas las texturas satisfactoriamente.
  DEBUG: Cliente: Se recibieron y cargaron todas las texturas satisfactoriamente.
  DEBUG: Juego: El juego ha sido reiniciado.
  DEBUG: Juego: El juego ha sido reiniciado.
  DEBUG: Cliente: Se recibieron y cargaron todas las texturas satisfactoriamente.
  DEBUG: Cliente: Se recibieron y cargaron todas las texturas satisfactoriamente.
  DEBUG: Juego: El juego ha sido reiniciado.
  DEBUG: Juego: El juego ha sido reiniciado.
  DEBUG: Cliente: Se recibieron y cargaron todas las texturas satisfactoriamente.
  DEBUG: Cliente: Se recibieron y cargaron todas las texturas satisfactoriamente.
  DEBUG: Juego: El juego ha sido reiniciado.
  DEBUG: Juego: El juego ha sido reiniciado.
  DEBUG: Cliente: Se recibieron y cargaron todas las texturas satisfactoriamente.
  DEBUG: Cliente: Se recibieron y cargaron todas las texturas satisfactoriamente.
  DEBUG: Juego: El juego ha sido reiniciado.
  DEBUG: Juego: El juego ha sido reiniciado.
  DEBUG: Cliente: Se recibieron y cargaron todas las texturas satisfactoriamente.
  DEBUG: Cliente: Se recibieron y cargaron todas las texturas satisfactoriamente.
  DEBUG: Juego: El juego ha sido reiniciado.
  DEBUG: Juego: El juego ha sido reiniciado.
  DEBUG: Cliente: Se recibieron y cargaron todas las texturas satisfactoriamente.
  DEBUG: Cliente: Se recibieron y cargaron todas las texturas satisfactoriamente.
  DEBUG: Juego: El juego ha sido reiniciado.
  DEBUG: Juego: El juego ha sido reiniciado.
  DEBUG: Cliente: Se recibieron y cargaron todas las texturas satisfactoriamente.
  DEBUG: Cliente: Se recibieron y cargaron todas las texturas satisfactoriamente.
  DEBUG: Juego: El juego ha sido reiniciado.
  DEBUG: Juego: El juego ha sido reiniciado.
  DEBUG: Cliente: Se recibieron y cargaron todas las texturas satisfactoriamente.
  DEBUG: Cliente: Se recibieron y cargaron todas las texturas satisfactoriamente.
  DEBUG: Juego: El juego ha sido reiniciado.
  DEBUG: Juego: El juego ha sido reiniciado.
  DEBUG: Cliente: Se recibieron y cargaron todas las texturas satisfactoriamente.
  DEBUG: Cliente: Se recibieron y cargaron todas las texturas satisfactoriamente.
  DEBUG: Juego: El juego ha sido reiniciado.
  DEBUG: Juego: El juego ha sido reiniciado.
  DEBUG: Cliente: Se recibieron y cargaron todas las texturas satisfactoriamente.
  DEBUG: Cliente: Se recibieron y cargaron todas las texturas satisfactoriamente.
  DEBUG: Juego: El juego ha sido reiniciado.
  DEBUG: Juego: El juego ha sido reiniciado.
  DEBUG: Cliente: Se recibieron y cargaron todas las texturas satisfactoriamente.
  DEBUG: Cliente: Se recibieron y cargaron todas las texturas satisfactoriamente.
  DEBUG: Juego: El juego ha sido reiniciado.
  DEBUG: Juego: El juego ha sido reiniciado.
  DEBUG: Cliente: Se recibieron y cargaron todas las texturas satisfactoriamente.
  DEBUG: Cliente: Se recibieron y cargaron todas las texturas satisfactoriamente.
  DEBUG: Juego: El juego ha sido reiniciado.
  DEBUG: Juego: El juego ha sido reiniciado.
  DEBUG: Juego: El juego ha sido reiniciado.
  DEBUG: Juego: El juego ha sido reiniciado.
  DEBUG: Cliente: Se recibieron y cargaron todas las texturas satisfactoriamente.
  DEBUG: Cliente: Se recibieron y cargaron todas las texturas satisfactoriamente.
  DEBUG: Juego: El juego ha sido reiniciado.
  DEBUG: Juego: El juego ha sido reiniciado.
  DEBUG: Cliente: Se recibieron y cargaron todas las texturas satisfactoriamente.
  DEBUG: Cliente: Se recibieron y cargaron todas las texturas satisfactoriamente.
  DEBUG: Juego: El juego ha sido reiniciado.
  DEBUG: Juego: El juego ha sido reiniciado.
  DEBUG: Cliente: Se recibieron y cargaron todas las texturas satisfactoriamente.
  DEBUG: Cliente: Se recibieron y cargaron todas las texturas satisfactoriamente.
  DEBUG: Juego: El juego ha sido reiniciado.
  DEBUG: Juego: El juego ha sido reiniciado.
  DEBUG: Cliente: Se recibieron y cargaron todas las texturas satisfactoriamente.
  DEBUG: Cliente: Se recibieron y cargaron todas las texturas satisfactoriamente.
  DEBUG: Juego: El juego ha sido reiniciado.
  DEBUG: Juego: El juego ha sido reiniciado.
  DEBUG: Cliente: Se recibieron y cargaron todas las texturas satisfactoriamente.
  DEBUG: Cliente: Se recibieron y cargaron todas las texturas satisfactoriamente.
  DEBUG: Juego: El juego ha sido reiniciado.
  DEBUG: Juego: El juego ha sido reiniciado.
  DEBUG: Cliente: Se recibieron y cargaron todas las texturas satisfactoriamente.
  DEBUG: Cliente: Se recibieron y cargaron todas las texturas satisfactoriamente.
  DEBUG: Juego: El juego ha sido reiniciado.
  DEBUG: Juego: El juego ha sido reiniciado.
  DEBUG: Cliente: Se recibieron y cargaron todas las texturas satisfactoriamente.
  DEBUG: Cliente: Se recibieron y cargaron todas las texturas satisfactoriamente.
  DEBUG: Juego: El juego ha sido reiniciado.
  DEBUG: Juego: El juego ha sido reiniciado.
  DEBUG: Cliente: Se recibieron y cargaron todas las texturas satisfactoriamente.
  DEBUG: Cliente: Se recibieron y cargaron todas las texturas satisfactoriamente.
  DEBUG: Juego: El juego ha sido reiniciado.
  DEBUG: Juego: El juego ha sido reiniciado.
  DEBUG: Cliente: Se recibieron y cargaron todas las texturas satisfactoriamente.
  DEBUG: Cliente: Se recibieron y cargaron todas las texturas satisfactoriamente.
  DEBUG: Juego: El juego ha sido reiniciado.
  DEBUG: Juego: El juego ha sido reiniciado.
  DEBUG: Cliente: Se recibieron y cargaron todas las texturas satisfactoriamente.
  DEBUG: Cliente: Se recibieron y cargaron todas las texturas satisfactoriamente.
  DEBUG: Juego: El juego ha sido reiniciado.
  DEBUG: Cliente: El cliente se ha desconectado satisfactoriamente
  DEBUG: Cliente: El cliente se ha desconectado satisfactoriamente
  ===============================================
    Comienzo del Log ( 18-05-2016 a las 15:32 ) 
  ===============================================

  DEBUG: Cliente: Conección al servidor exitosa.

  DEBUG: Cliente: Se recibieron y cargaron todas las texturas satisfactoriamente.
  ===============================================
    Comienzo del Log ( 18-05-2016 a las 15:32 ) 
  ===============================================

  DEBUG: Cliente: Conección al servidor exitosa.

  DEBUG: Cliente: Se recibieron y cargaron todas las texturas satisfactoriamente.
  DEBUG: Juego: El juego ha sido reiniciado.
  DEBUG: Juego: El juego ha sido reiniciado.
  DEBUG: Cliente: Se recibieron y cargaron todas las texturas satisfactoriamente.
  DEBUG: Cliente: Se recibieron y cargaron todas las texturas satisfactoriamente.
  DEBUG: Juego: El juego ha sido reiniciado.
  DEBUG: Juego: El juego ha sido reiniciado.
  DEBUG: Cliente: Se recibieron y cargaron todas las texturas satisfactoriamente.
  DEBUG: Cliente: Se recibieron y cargaron todas las texturas satisfactoriamente.
  DEBUG: Juego: El juego ha sido reiniciado.
  DEBUG: Juego: El juego ha sido reiniciado.
  DEBUG: Cliente: Se recibieron y cargaron todas las texturas satisfactoriamente.
  DEBUG: Cliente: Se recibieron y cargaron todas las texturas satisfactoriamente.
  DEBUG: Juego: El juego ha sido reiniciado.
  DEBUG: Juego: El juego ha sido reiniciado.
  DEBUG: Cliente: Se recibieron y cargaron todas las texturas satisfactoriamente.
  DEBUG: Cliente: Se recibieron y cargaron todas las texturas satisfactoriamente.
  DEBUG: Juego: El juego ha sido reiniciado.
  DEBUG: Juego: El juego ha sido reiniciado.
  DEBUG: Cliente: Se recibieron y cargaron todas las texturas satisfactoriamente.
  DEBUG: Cliente: Se recibieron y cargaron todas las texturas satisfactoriamente.
  DEBUG: Juego: El juego ha sido reiniciado.
  DEBUG: Juego: El juego ha sido reiniciado.
  DEBUG: Cliente: Se recibieron y cargaron todas las texturas satisfactoriamente.
  DEBUG: Cliente: Se recibieron y cargaron todas las texturas satisfactoriamente.
  DEBUG: Juego: El juego ha sido reiniciado.
  DEBUG: Juego: El juego ha sido reiniciado.
  DEBUG: Cliente: Se recibieron y cargaron todas las texturas satisfactoriamente.
  DEBUG: Cliente: Se recibieron y cargaron todas las texturas satisfactoriamente.
  DEBUG: Juego: El juego ha sido reiniciado.
  DEBUG: Juego: El juego ha sido reiniciado.
  DEBUG: Cliente: Se recibieron y cargaron todas las texturas satisfactoriamente.
  DEBUG: Cliente: Se recibieron y cargaron todas las texturas satisfactoriamente.
  DEBUG: Juego: El juego ha sido reiniciado.
  DEBUG: Juego: El juego ha sido reiniciado.
  DEBUG: Cliente: Se recibieron y cargaron todas las texturas satisfactoriamente.
  DEBUG: Cliente: Se recibieron y cargaron todas las texturas satisfactoriamente.
  DEBUG: Juego: El juego ha sido reiniciado.
  DEBUG: Juego: El juego ha sido reiniciado.
  DEBUG: Juego: El juego ha sido reiniciado.
  DEBUG: Juego: El juego ha sido reiniciado.
  DEBUG: Cliente: Se recibieron y cargaron todas las texturas satisfactoriamente.
  DEBUG: Cliente: Se recibieron y cargaron todas las texturas satisfactoriamente.
  DEBUG: Juego: El juego ha sido reiniciado.
  DEBUG: Juego: El juego ha sido reiniciado.
  DEBUG: Cliente: Se recibieron y cargaron todas las texturas satisfactoriamente.
  DEBUG: Cliente: Se recibieron y cargaron todas las texturas satisfactoriamente.
  DEBUG: Juego: El juego ha sido reiniciado.
  DEBUG: Juego: El juego ha sido reiniciado.
  DEBUG: Cliente: Se recibieron y cargaron todas las texturas satisfactoriamente.
  DEBUG: Cliente: Se recibieron y cargaron todas las texturas satisfactoriamente.
  DEBUG: Juego: El juego ha sido reiniciado.
  DEBUG: Juego: El juego ha sido reiniciado.
  DEBUG: Cliente: Se recibieron y cargaron todas las texturas satisfactoriamente.
  DEBUG: Cliente: Se recibieron y cargaron todas las texturas satisfactoriamente.
  DEBUG: Juego: El juego ha sido reiniciado.
  DEBUG: Juego: El juego ha sido reiniciado.
  DEBUG: Cliente: Se recibieron y cargaron todas las texturas satisfactoriamente.
  DEBUG: Cliente: Se recibieron y cargaron todas las texturas satisfactoriamente.
  DEBUG: Cliente: El cliente se ha desconectado satisfactoriamente
  DEBUG: Cliente: El cliente se ha desconectado satisfactoriamente
  ===============================================
    Comienzo del Log ( 18-05-2016 a las 15:37 ) 
  ===============================================

  ===============================================
    Comienzo del Log ( 18-05-2016 a las 15:37 ) 
  ===============================================

  ===============================================
    Comienzo del Log ( 18-05-2016 a las 15:38 ) 
  ===============================================

  DEBUG: Cliente: Conección al servidor exitosa.

  DEBUG: Cliente: Se recibieron y cargaron todas las texturas satisfactoriamente.
  ===============================================
    Comienzo del Log ( 18-05-2016 a las 15:38 ) 
  ===============================================

  DEBUG: Cliente: Conección al servidor exitosa.

  DEBUG: Cliente: Se recibieron y cargaron todas las texturas satisfactoriamente.
  DEBUG: Cliente: El cliente se ha desconectado satisfactoriamente
  DEBUG: Cliente: El jguador a se ha desconectado.
  ===============================================
    Comienzo del Log ( 18-05-2016 a las 15:38 ) 
  ===============================================

  DEBUG: Cliente: Se ha reconectado un Cliente.
  DEBUG: Cliente: Conección al servidor exitosa.

  DEBUG: Cliente: Se recibieron y cargaron todas las texturas satisfactoriamente.
  DEBUG: Juego: El juego ha sido reiniciado.
  DEBUG: Juego: El juego ha sido reiniciado.
  DEBUG: Cliente: Se recibieron y cargaron todas las texturas satisfactoriamente.
  DEBUG: Cliente: Se recibieron y cargaron todas las texturas satisfactoriamente.
  DEBUG: Juego: El juego ha sido reiniciado.
  DEBUG: Juego: El juego ha sido reiniciado.
  DEBUG: Cliente: Se recibieron y cargaron todas las texturas satisfactoriamente.
  DEBUG: Cliente: Se recibieron y cargaron todas las texturas satisfactoriamente.
  DEBUG: Juego: El juego ha sido reiniciado.
  DEBUG: Juego: El juego ha sido reiniciado.
  DEBUG: Cliente: Se recibieron y cargaron todas las texturas satisfactoriamente.
  DEBUG: Cliente: Se recibieron y cargaron todas las texturas satisfactoriamente.
  DEBUG: Juego: El juego ha sido reiniciado.
  DEBUG: Juego: El juego ha sido reiniciado.
  DEBUG: Cliente: Se recibieron y cargaron todas las texturas satisfactoriamente.
  DEBUG: Cliente: Se recibieron y cargaron todas las texturas satisfactoriamente.
  DEBUG: Juego: El juego ha sido reiniciado.
  DEBUG: Juego: El juego ha sido reiniciado.
  DEBUG: Cliente: Se recibieron y cargaron todas las texturas satisfactoriamente.
  DEBUG: Cliente: Se recibieron y cargaron todas las texturas satisfactoriamente.
  DEBUG: Juego: El juego ha sido reiniciado.
  DEBUG: Juego: El juego ha sido reiniciado.
  DEBUG: Cliente: Se recibieron y cargaron todas las texturas satisfactoriamente.
  DEBUG: Cliente: Se recibieron y cargaron todas las texturas satisfactoriamente.
  DEBUG: Juego: El juego ha sido reiniciado.
  DEBUG: Juego: El juego ha sido reiniciado.
  DEBUG: Cliente: Se recibieron y cargaron todas las texturas satisfactoriamente.
  DEBUG: Cliente: Se recibieron y cargaron todas las texturas satisfactoriamente.
  DEBUG: Juego: El juego ha sido reiniciado.
  DEBUG: Juego: El juego ha sido reiniciado.
  DEBUG: Juego: El juego ha sido reiniciado.
  DEBUG: Cliente: Se recibieron y cargaron todas las texturas satisfactoriamente.
  DEBUG: Juego: El juego ha sido reiniciado.
  DEBUG: Cliente: Se recibieron y cargaron todas las texturas satisfactoriamente.
  DEBUG: Cliente: Se recibieron y cargaron todas las texturas satisfactoriamente.
  DEBUG: Juego: El juego ha sido reiniciado.
  DEBUG: Juego: El juego ha sido reiniciado.
  DEBUG: Cliente: Se recibieron y cargaron todas las texturas satisfactoriamente.
  DEBUG: Cliente: Se recibieron y cargaron todas las texturas satisfactoriamente.
  DEBUG: Juego: El juego ha sido reiniciado.
  DEBUG: Juego: El juego ha sido reiniciado.
  DEBUG: Cliente: Se recibieron y cargaron todas las texturas satisfactoriamente.
  DEBUG: Cliente: Se recibieron y cargaron todas las texturas satisfactoriamente.
  DEBUG: Juego: El juego ha sido reiniciado.
  DEBUG: Juego: El juego ha sido reiniciado.
  DEBUG: Cliente: Se recibieron y cargaron todas las texturas satisfactoriamente.
  DEBUG: Cliente: Se recibieron y cargaron todas las texturas satisfactoriamente.
  DEBUG: Juego: El juego ha sido reiniciado.
  DEBUG: Juego: El juego ha sido reiniciado.
  DEBUG: Cliente: Se recibieron y cargaron todas las texturas satisfactoriamente.
  DEBUG: Cliente: Se recibieron y cargaron todas las texturas satisfactoriamente.
  DEBUG: Juego: El juego ha sido reiniciado.
  DEBUG: Juego: El juego ha sido reiniciado.
  DEBUG: Cliente: Se recibieron y cargaron todas las texturas satisfactoriamente.
  DEBUG: Cliente: Se recibieron y cargaron todas las texturas satisfactoriamente.
  DEBUG: Juego: El juego ha sido reiniciado.
  DEBUG: Juego: El juego ha sido reiniciado.
  DEBUG: Cliente: Se recibieron y cargaron todas las texturas satisfactoriamente.
  DEBUG: Cliente: Se recibieron y cargaron todas las texturas satisfactoriamente.
  DEBUG: Juego: El juego ha sido reiniciado.
  DEBUG: Juego: El juego ha sido reiniciado.
  DEBUG: Cliente: Se recibieron y cargaron todas las texturas satisfactoriamente.
  DEBUG: Cliente: Se recibieron y cargaron todas las texturas satisfactoriamente.
  DEBUG: Juego: El juego ha sido reiniciado.
  DEBUG: Juego: El juego ha sido reiniciado.
  DEBUG: Cliente: Se recibieron y cargaron todas las texturas satisfactoriamente.
  DEBUG: Cliente: Se recibieron y cargaron todas las texturas satisfactoriamente.
  DEBUG: Juego: El juego ha sido reiniciado.
  DEBUG: Juego: El juego ha sido reiniciado.
  DEBUG: Cliente: Se recibieron y cargaron todas las texturas satisfactoriamente.
  DEBUG: Cliente: Se recibieron y cargaron todas las texturas satisfactoriamente.
  DEBUG: Juego: El juego ha sido reiniciado.
  DEBUG: Juego: El juego ha sido reiniciado.
  DEBUG: Cliente: Se recibieron y cargaron todas las texturas satisfactoriamente.
  DEBUG: Cliente: Se recibieron y cargaron todas las texturas satisfactoriamente.
  DEBUG: Juego: El juego ha sido reiniciado.
  DEBUG: Juego: El juego ha sido reiniciado.
  DEBUG: Cliente: Se recibieron y cargaron todas las texturas satisfactoriamente.
  DEBUG: Cliente: Se recibieron y cargaron todas las texturas satisfactoriamente.
  DEBUG: Juego: El juego ha sido reiniciado.
  DEBUG: Juego: El juego ha sido reiniciado.
  DEBUG: Cliente: Se recibieron y cargaron todas las texturas satisfactoriamente.
  DEBUG: Cliente: Se recibieron y cargaron todas las texturas satisfactoriamente.
  DEBUG: Juego: El juego ha sido reiniciado.
  DEBUG: Juego: El juego ha sido reiniciado.
  DEBUG: Cliente: Se recibieron y cargaron todas las texturas satisfactoriamente.
  DEBUG: Cliente: Se recibieron y cargaron todas las texturas satisfactoriamente.
  DEBUG: Juego: El juego ha sido reiniciado.
  DEBUG: Juego: El juego ha sido reiniciado.
  DEBUG: Cliente: Se recibieron y cargaron todas las texturas satisfactoriamente.
  DEBUG: Cliente: Se recibieron y cargaron todas las texturas satisfactoriamente.
  DEBUG: Juego: El juego ha sido reiniciado.
  DEBUG: Juego: El juego ha sido reiniciado.
  DEBUG: Cliente: Se recibieron y cargaron todas las texturas satisfactoriamente.
  DEBUG: Cliente: Se recibieron y cargaron todas las texturas satisfactoriamente.
  DEBUG: Juego: El juego ha sido reiniciado.
  DEBUG: Juego: El juego ha sido reiniciado.
  DEBUG: Cliente: Se recibieron y cargaron todas las texturas satisfactoriamente.
  DEBUG: Cliente: Se recibieron y cargaron todas las texturas satisfactoriamente.
  DEBUG: Juego: El juego ha sido reiniciado.
  DEBUG: Juego: El juego ha sido reiniciado.
  DEBUG: Cliente: Se recibieron y cargaron todas las texturas satisfactoriamente.
  DEBUG: Cliente: Se recibieron y cargaron todas las texturas satisfactoriamente.
  DEBUG: Cliente: El cliente se ha desconectado satisfactoriamente
  DEBUG: Cliente: El cliente se ha desconectado satisfactoriamente
