  ===============================================
    Comienzo del Log ( 04-04-2016 a las 15:57 ) 
  ===============================================

  DEBUG: Cliente: Conección al servidor exitosa.

  DEBUG: El Mensaje con ID: mensaje1 fue procesado correctamente.
  ===============================================
    Comienzo del Log ( 04-04-2016 a las 15:58 ) 
  ===============================================

  DEBUG: Cliente: Conección al servidor exitosa.

  DEBUG: El Mensaje con ID: mensaje1 fue procesado correctamente.
  DEBUG: El Mensaje con ID: mensaje1 fue procesado correctamente.
  ===============================================
<<<<<<< HEAD
    Comienzo del Log ( 04-04-2016 a las 18:20 ) 
=======
    Comienzo del Log ( 04-04-2016 a las 17:14 ) 
>>>>>>> 3b872fb86dec9a0bb9b7b4180225671429cecafa
  ===============================================

  DEBUG: Cliente: Conección al servidor exitosa.

  DEBUG: El Mensaje con ID: mensaje1 fue procesado correctamente.
  DEBUG: El Mensaje con ID: mensaje1 fue procesado correctamente.
  DEBUG: El Mensaje con ID: mensaje1 fue procesado correctamente.
<<<<<<< HEAD
  ===============================================
    Comienzo del Log ( 04-04-2016 a las 18:26 ) 
  ===============================================

  DEBUG: Cliente: Conección al servidor exitosa.

  DEBUG: El Mensaje con ID: mensaje1 fue procesado correctamente.
  ===============================================
    Comienzo del Log ( 04-04-2016 a las 18:28 ) 
  ===============================================

  DEBUG: Cliente: Conección al servidor exitosa.

  DEBUG: El Mensaje con ID: mensaje1 fue procesado correctamente.
  ===============================================
    Comienzo del Log ( 04-04-2016 a las 18:28 ) 
  ===============================================

  DEBUG: Cliente: Conección al servidor exitosa.

  DEBUG: El Mensaje con ID: mensaje1 fue procesado correctamente.
  DEBUG: El Mensaje con ID: mensaje1 fue procesado correctamente.
  DEBUG: El Mensaje con ID: mensaje1 fue procesado correctamente.
  ===============================================
    Comienzo del Log ( 04-04-2016 a las 19:34 ) 
  ===============================================


  ===============================================
    Finaliza el Log ( 04-04-2016 a las 19:34 ) 
  ===============================================

  ===============================================
    Comienzo del Log ( 04-04-2016 a las 19:34 ) 
  ===============================================

  DEBUG: Cliente: Conección al servidor exitosa.

  DEBUG: El Mensaje con ID: Mensaje1 fue procesado correctamente.
  DEBUG: El Mensaje con ID: Mensaje1 fue procesado correctamente.
  DEBUG: El Mensaje con ID: Mensaje1 fue procesado correctamente.
  DEBUG: El Mensaje con ID: Mensaje1 fue procesado correctamente.
  DEBUG: El Mensaje con ID: Mensaje1 fue procesado correctamente.
  DEBUG: El Mensaje con ID: Mensaje1 fue procesado correctamente.
  DEBUG: El Mensaje con ID: Mensaje1 fue procesado correctamente.
  ===============================================
    Comienzo del Log ( 04-04-2016 a las 19:37 ) 
  ===============================================

  ERROR: Cliente: El cliente no se pudo conectar satisfactoriamente

  ===============================================
    Finaliza el Log ( 04-04-2016 a las 19:37 ) 
  ===============================================

  ===============================================
    Comienzo del Log ( 04-04-2016 a las 19:37 ) 
  ===============================================

  DEBUG: Cliente: Conección al servidor exitosa.

  ===============================================
    Comienzo del Log ( 04-04-2016 a las 19:38 ) 
  ===============================================

  DEBUG: Cliente: Conección al servidor exitosa.

  DEBUG: El Mensaje con ID: Mensaje1 fue procesado correctamente.
  DEBUG: El Mensaje con ID: Mensaje1 fue procesado correctamente.
  DEBUG: El Mensaje con ID: Mensaje1 fue procesado correctamente.
  DEBUG: El Mensaje con ID: Mensaje1 fue procesado correctamente.

  ===============================================
    Finaliza el Log ( 04-04-2016 a las 19:40 ) 
  ===============================================

  ===============================================
    Comienzo del Log ( 04-04-2016 a las 19:41 ) 
=======
  DEBUG: El Mensaje con ID: mensaje1 fue procesado correctamente.
  ===============================================
    Comienzo del Log ( 04-04-2016 a las 17:16 ) 
>>>>>>> 3b872fb86dec9a0bb9b7b4180225671429cecafa
  ===============================================

  DEBUG: Cliente: Conección al servidor exitosa.

<<<<<<< HEAD
  DEBUG: El Mensaje con ID: Mensaje2 fue procesado correctamente.
  DEBUG: El Mensaje con ID: Mensaje1 fue procesado correctamente.
  DEBUG: El Mensaje con ID: Mensaje3 fue procesado correctamente.
  DEBUG: El Mensaje con ID: Mensaje4 fue procesado correctamente.
  DEBUG: El Mensaje con ID: Mensaje5 fue procesado correctamente.
  DEBUG: El Mensaje con ID: Mensaje5 fue procesado correctamente.
  DEBUG: El Mensaje con ID: Mensaje5 fue procesado correctamente.
  DEBUG: El Mensaje con ID: Mensaje4 fue procesado correctamente.
  DEBUG: El Mensaje con ID: Mensaje5 fue procesado correctamente.

  ===============================================
    Finaliza el Log ( 04-04-2016 a las 19:42 ) 
  ===============================================

=======
>>>>>>> 3b872fb86dec9a0bb9b7b4180225671429cecafa
  ===============================================
    Comienzo del Log ( 04-04-2016 a las 23:02 ) 
  ===============================================

  DEBUG: Cliente: Conección al servidor exitosa.

  DEBUG: El Mensaje con ID: Mensaje4 fue procesado correctamente.
  DEBUG: El Mensaje con ID: Mensaje5 fue procesado correctamente.
  ===============================================
    Comienzo del Log ( 04-04-2016 a las 23:14 ) 
  ===============================================

  DEBUG: Cliente: Conección al servidor exitosa.

  DEBUG: El Mensaje con ID: Mensaje5 fue procesado correctamente.
  DEBUG: El Mensaje con ID: Mensaje3 fue procesado correctamente.
  DEBUG: El Mensaje con ID: Mensaje1 fue procesado correctamente.

  ===============================================
    Finaliza el Log ( 04-04-2016 a las 23:16 ) 
  ===============================================

  ===============================================
    Comienzo del Log ( 04-04-2016 a las 23:22 ) 
  ===============================================

  DEBUG: Cliente: Conección al servidor exitosa.

  DEBUG: El Mensaje con ID: Mensaje1 fue procesado correctamente.
  DEBUG: El Mensaje con ID: Mensaje1 fue procesado correctamente.
  ===============================================
    Comienzo del Log ( 04-04-2016 a las 23:27 ) 
  ===============================================

  DEBUG: Cliente: Conección al servidor exitosa.

  DEBUG: El Mensaje con ID: Mensaje1 fue procesado correctamente.
  DEBUG: El Mensaje con ID: Mensaje5 fue procesado correctamente.
  DEBUG: El Mensaje con ID: Mensaje1 fue procesado correctamente.

  ===============================================
    Finaliza el Log ( 04-04-2016 a las 23:41 ) 
  ===============================================

  ===============================================
    Comienzo del Log ( 04-04-2016 a las 23:44 ) 
  ===============================================

  DEBUG: Cliente: Conección al servidor exitosa.

  DEBUG: El Mensaje con ID: Mensaje4 fue procesado correctamente.

  ===============================================
    Finaliza el Log ( 04-04-2016 a las 23:45 ) 
  ===============================================

